<!DOCTYPE html>
<!--
 | Generated by Apache Maven Doxia Site Renderer 1.11.1 at 2025-01-17

 | Rendered using Apache Maven Default Skin
-->
<html xmlns="http://www.w3.org/1999/xhtml" xml:lang="en" lang="en">
  <head>
    <meta charset="UTF-8" />
    <meta name="viewport" content="width=device-width, initial-scale=1.0" />
    <meta name="generator" content="Apache Maven Doxia Site Renderer 1.11.1" />
    <title>Petstore application using Java EE 7 &#x2013; Surefire Report</title>
    <link rel="stylesheet" href="./css/maven-base.css" />
    <link rel="stylesheet" href="./css/maven-theme.css" />
    <link rel="stylesheet" href="./css/site.css" />
    <link rel="stylesheet" href="./css/print.css" media="print" />
  </head>
  <body class="composite">
    <div id="banner">
      <div class="clear">
        <hr/>
      </div>
    </div>
    <div id="breadcrumbs">
      <div class="xleft">
        <span id="publishDate">Last Published: 2025-01-17</span>
           | <span id="projectVersion">Version: 7.0</span>
      </div>
      <div class="xright">      </div>
      <div class="clear">
        <hr/>
      </div>
    </div>
    <div id="leftColumn">
      <div id="navcolumn">
      <a href="http://maven.apache.org/" title="Built by Maven" class="poweredBy">
        <img class="poweredBy" alt="Built by Maven" src="./images/logos/maven-feather.png" />
      </a>
      </div>
    </div>
    <div id="bodyColumn">
      <div id="contentBox">
<script type="text/javascript">
function toggleDisplay(elementId) {
 var elm = document.getElementById(elementId + '-error');
 if (elm == null) {
  elm = document.getElementById(elementId + '-failure');
 }
 if (elm && typeof elm.style != "undefined") {
  if (elm.style.display == "none") {
   elm.style.display = "";
   document.getElementById(elementId + '-off').style.display = "none";
   document.getElementById(elementId + '-on').style.display = "inline";
  } else if (elm.style.display == "") {   elm.style.display = "none";
   document.getElementById(elementId + '-off').style.display = "inline";
   document.getElementById(elementId + '-on').style.display = "none";
  }
 }
 }</script><section>
<h2><a name="Surefire_Report"></a>Surefire Report</h2></section><section><a id="Summary"></a>
<h2><a name="Summary"></a>Summary</h2>
<p>[<a href="#Summary">Summary</a>] [<a href="#Package_List">Package List</a>] [<a href="#Test_Cases">Test Cases</a>]</p><br />
<table border="0" class="bodyTable">
<tr class="a">
<th>Tests</th>
<th>Errors</th>
<th>Failures</th>
<th>Skipped</th>
<th>Success Rate</th>
<th>Time</th></tr>
<tr class="b">
<td align="left">12</td>
<td>0</td>
<td>9</td>
<td>0</td>
<td>25.0%</td>
<td>0.378 s</td></tr></table><br />
<p>Note: failures are anticipated and checked for with assertions while errors are unanticipated.</p><br /></section><section><a id="Package_List"></a>
<h2><a name="Package_List"></a>Package List</h2>
<p>[<a href="#Summary">Summary</a>] [<a href="#Package_List">Package List</a>] [<a href="#Test_Cases">Test Cases</a>]</p><br />
<table border="0" class="bodyTable">
<tr class="a">
<th>Package</th>
<th>Tests</th>
<th>Errors</th>
<th>Failures</th>
<th>Skipped</th>
<th>Success Rate</th>
<th>Time</th></tr>
<tr class="b">
<td align="left"><a href="#org.agoncal.application.petstore.model">org.agoncal.application.petstore.model</a></td>
<td>12</td>
<td>0</td>
<td>9</td>
<td>0</td>
<td>25.0%</td>
<td>0.378 s</td></tr></table><br />
<p>Note: package statistics are not computed recursively, they only sum up all of its testsuites numbers.</p><section><a id="org.agoncal.application.petstore.model"></a>
<h3><a name="org.agoncal.application.petstore.model"></a>org.agoncal.application.petstore.model</h3>
<table border="0" class="bodyTable">
<tr class="a">
<th>-</th>
<th>Class</th>
<th>Tests</th>
<th>Errors</th>
<th>Failures</th>
<th>Skipped</th>
<th>Success Rate</th>
<th>Time</th></tr>
<tr class="b">
<td align="left"><a href="#org.agoncal.application.petstore.model.CategoryTest"><img src="images/icon_warning_sml.gif" alt="" /></a></td>
<td><a href="#org.agoncal.application.petstore.model.CategoryTest">CategoryTest</a></td>
<td>1</td>
<td>0</td>
<td>1</td>
<td>0</td>
<td>0%</td>
<td>0.008 s</td></tr>
<tr class="a">
<td align="left"><a href="#org.agoncal.application.petstore.model.OrderLineTest"><img src="images/icon_warning_sml.gif" alt="" /></a></td>
<td><a href="#org.agoncal.application.petstore.model.OrderLineTest">OrderLineTest</a></td>
<td>1</td>
<td>0</td>
<td>1</td>
<td>0</td>
<td>0%</td>
<td>0.006 s</td></tr>
<tr class="b">
<td align="left"><a href="#org.agoncal.application.petstore.model.ItemTest"><img src="images/icon_warning_sml.gif" alt="" /></a></td>
<td><a href="#org.agoncal.application.petstore.model.ItemTest">ItemTest</a></td>
<td>1</td>
<td>0</td>
<td>1</td>
<td>0</td>
<td>0%</td>
<td>0.313 s</td></tr>
<tr class="a">
<td align="left"><a href="#org.agoncal.application.petstore.model.AddressTest"><img src="images/icon_warning_sml.gif" alt="" /></a></td>
<td><a href="#org.agoncal.application.petstore.model.AddressTest">AddressTest</a></td>
<td>1</td>
<td>0</td>
<td>1</td>
<td>0</td>
<td>0%</td>
<td>0.008 s</td></tr>
<tr class="b">
<td align="left"><a href="#org.agoncal.application.petstore.model.CustomerTest"><img src="images/icon_warning_sml.gif" alt="" /></a></td>
<td><a href="#org.agoncal.application.petstore.model.CustomerTest">CustomerTest</a></td>
<td>1</td>
<td>0</td>
<td>1</td>
<td>0</td>
<td>0%</td>
<td>0.008 s</td></tr>
<tr class="a">
<td align="left"><a href="#org.agoncal.application.petstore.model.PurchaseOrderTest"><img src="images/icon_warning_sml.gif" alt="" /></a></td>
<td><a href="#org.agoncal.application.petstore.model.PurchaseOrderTest">PurchaseOrderTest</a></td>
<td>1</td>
<td>0</td>
<td>1</td>
<td>0</td>
<td>0%</td>
<td>0.015 s</td></tr>
<tr class="b">
<td align="left"><a href="#org.agoncal.application.petstore.model.CreditCardGetCreditCardNumberTest"><img src="images/icon_success_sml.gif" alt="" /></a></td>
<td><a href="#org.agoncal.application.petstore.model.CreditCardGetCreditCardNumberTest">CreditCardGetCreditCardNumberTest</a></td>
<td>3</td>
<td>0</td>
<td>0</td>
<td>0</td>
<td>100%</td>
<td>0.004 s</td></tr>
<tr class="a">
<td align="left"><a href="#org.agoncal.application.petstore.model.CountryTest"><img src="images/icon_warning_sml.gif" alt="" /></a></td>
<td><a href="#org.agoncal.application.petstore.model.CountryTest">CountryTest</a></td>
<td>1</td>
<td>0</td>
<td>1</td>
<td>0</td>
<td>0%</td>
<td>0.005 s</td></tr>
<tr class="b">
<td align="left"><a href="#org.agoncal.application.petstore.model.ProductTest"><img src="images/icon_warning_sml.gif" alt="" /></a></td>
<td><a href="#org.agoncal.application.petstore.model.ProductTest">ProductTest</a></td>
<td>1</td>
<td>0</td>
<td>1</td>
<td>0</td>
<td>0%</td>
<td>0.005 s</td></tr>
<tr class="a">
<td align="left"><a href="#org.agoncal.application.petstore.model.CreditCardTest"><img src="images/icon_warning_sml.gif" alt="" /></a></td>
<td><a href="#org.agoncal.application.petstore.model.CreditCardTest">CreditCardTest</a></td>
<td>1</td>
<td>0</td>
<td>1</td>
<td>0</td>
<td>0%</td>
<td>0.006 s</td></tr></table></section><br /></section><section><a id="Test_Cases"></a>
<h2><a name="Test_Cases"></a>Test Cases</h2>
<p>[<a href="#Summary">Summary</a>] [<a href="#Package_List">Package List</a>] [<a href="#Test_Cases">Test Cases</a>]</p><section><a id="org.agoncal.application.petstore.model.CategoryTest"></a>
<h3><a name="CategoryTest"></a>CategoryTest</h3>
<table border="0" class="bodyTable">
<tr class="a">
<td align="left"><a href="#org.agoncal.application.petstore.model.CategoryTest.shouldCheckEqualsAndHashCode"><img src="images/icon_error_sml.gif" alt="" /></a></td>
<td><a id="TC_org.agoncal.application.petstore.model.CategoryTest.shouldCheckEqualsAndHashCode"></a><a href="#org.agoncal.application.petstore.model.CategoryTest.shouldCheckEqualsAndHashCode">shouldCheckEqualsAndHashCode</a>
<div class="detailToggle" style="display:inline"><a href="javascript:toggleDisplay('org.agoncal.application.petstore.model.CategoryTest.shouldCheckEqualsAndHashCode');"><span style="display:inline;" id="org.agoncal.application.petstore.model.CategoryTest.shouldCheckEqualsAndHashCode-off"> + </span><span style="display:none;" id="org.agoncal.application.petstore.model.CategoryTest.shouldCheckEqualsAndHashCode-on"> - </span>[ Detail ]</a></div></td>
<td>0.006 s</td></tr>
<tr class="b">
<td align="left">-</td>
<td>EqualsVerifier found a problem in class org.agoncal.application.petstore.model.Category.
-&gt; Java 21 (65) is not supported by the current version of Byte Buddy which officially supports Java 20 (64) - update Byte Buddy or set net.bytebuddy.experimental as a VM property

For more information, go to: https://www.jqno.nl/equalsverifier/errormessages
(EqualsVerifier 3.12.3, JDK 21 on Mac OS X)</td>
<td>-</td></tr>
<tr class="a" id="org.agoncal.application.petstore.model.CategoryTest.shouldCheckEqualsAndHashCode-failure" style="display:none;">
<td align="left">-</td>
<td>
<div class="source">
<pre>java.lang.AssertionError: 
EqualsVerifier found a problem in class org.agoncal.application.petstore.model.Category.
-&gt; Java 21 (65) is not supported by the current version of Byte Buddy which officially supports Java 20 (64) - update Byte Buddy or set net.bytebuddy.experimental as a VM property

For more information, go to: https://www.jqno.nl/equalsverifier/errormessages
(EqualsVerifier 3.12.3, JDK 21 on Mac OS X)
	at nl.jqno.equalsverifier.api.SingleTypeEqualsVerifierApi.verify(SingleTypeEqualsVerifierApi.java:316)
	at org.agoncal.application.petstore.model.CategoryTest.shouldCheckEqualsAndHashCode(CategoryTest.java:24)
	at java.base/jdk.internal.reflect.DirectMethodHandleAccessor.invoke(DirectMethodHandleAccessor.java:103)
	at java.base/java.lang.reflect.Method.invoke(Method.java:580)
	at org.junit.runners.model.FrameworkMethod$1.runReflectiveCall(FrameworkMethod.java:50)
	at org.junit.internal.runners.model.ReflectiveCallable.run(ReflectiveCallable.java:12)
	at org.junit.runners.model.FrameworkMethod.invokeExplosively(FrameworkMethod.java:47)
	at org.junit.internal.runners.statements.InvokeMethod.evaluate(InvokeMethod.java:17)
	at org.junit.runners.ParentRunner.runLeaf(ParentRunner.java:325)
	at org.junit.runners.BlockJUnit4ClassRunner.runChild(BlockJUnit4ClassRunner.java:78)
	at org.junit.runners.BlockJUnit4ClassRunner.runChild(BlockJUnit4ClassRunner.java:57)
	at org.junit.runners.ParentRunner$3.run(ParentRunner.java:290)
	at org.junit.runners.ParentRunner$1.schedule(ParentRunner.java:71)
	at org.junit.runners.ParentRunner.runChildren(ParentRunner.java:288)
	at org.junit.runners.ParentRunner.access$000(ParentRunner.java:58)
	at org.junit.runners.ParentRunner$2.evaluate(ParentRunner.java:268)
	at org.junit.runners.ParentRunner.run(ParentRunner.java:363)
	at org.junit.runner.JUnitCore.run(JUnitCore.java:137)
	at org.junit.runner.JUnitCore.run(JUnitCore.java:115)
	at org.junit.vintage.engine.execution.RunnerExecutor.execute(RunnerExecutor.java:39)
	at java.base/java.util.stream.ForEachOps$ForEachOp$OfRef.accept(ForEachOps.java:184)
	at java.base/java.util.stream.ReferencePipeline$3$1.accept(ReferencePipeline.java:197)
	at java.base/java.util.Iterator.forEachRemaining(Iterator.java:133)
	at java.base/java.util.Spliterators$IteratorSpliterator.forEachRemaining(Spliterators.java:1939)
	at java.base/java.util.stream.AbstractPipeline.copyInto(AbstractPipeline.java:509)
	at java.base/java.util.stream.AbstractPipeline.wrapAndCopyInto(AbstractPipeline.java:499)
	at java.base/java.util.stream.ForEachOps$ForEachOp.evaluateSequential(ForEachOps.java:151)
	at java.base/java.util.stream.ForEachOps$ForEachOp$OfRef.evaluateSequential(ForEachOps.java:174)
	at java.base/java.util.stream.AbstractPipeline.evaluate(AbstractPipeline.java:234)
	at java.base/java.util.stream.ReferencePipeline.forEach(ReferencePipeline.java:596)
	at org.junit.vintage.engine.VintageTestEngine.executeAllChildren(VintageTestEngine.java:79)
	at org.junit.vintage.engine.VintageTestEngine.execute(VintageTestEngine.java:70)
	at org.junit.platform.launcher.core.DefaultLauncher.execute(DefaultLauncher.java:170)
	at org.junit.platform.launcher.core.DefaultLauncher.execute(DefaultLauncher.java:154)
	at org.junit.platform.launcher.core.DefaultLauncher.execute(DefaultLauncher.java:90)
	at org.apache.maven.surefire.junitplatform.LazyLauncher.execute(LazyLauncher.java:56)
	at org.apache.maven.surefire.junitplatform.JUnitPlatformProvider.execute(JUnitPlatformProvider.java:184)
	at org.apache.maven.surefire.junitplatform.JUnitPlatformProvider.invokeAllTests(JUnitPlatformProvider.java:148)
	at org.apache.maven.surefire.junitplatform.JUnitPlatformProvider.invoke(JUnitPlatformProvider.java:122)
	at org.apache.maven.surefire.booter.ForkedBooter.runSuitesInProcess(ForkedBooter.java:385)
	at org.apache.maven.surefire.booter.ForkedBooter.execute(ForkedBooter.java:162)
	at org.apache.maven.surefire.booter.ForkedBooter.run(ForkedBooter.java:507)
	at org.apache.maven.surefire.booter.ForkedBooter.main(ForkedBooter.java:495)
Caused by: java.lang.IllegalArgumentException: Java 21 (65) is not supported by the current version of Byte Buddy which officially supports Java 20 (64) - update Byte Buddy or set net.bytebuddy.experimental as a VM property
	at net.bytebuddy.utility.OpenedClassReader.of(OpenedClassReader.java:96)
	at net.bytebuddy.pool.TypePool$Default.parse(TypePool.java:855)
	at net.bytebuddy.pool.TypePool$Default.doDescribe(TypePool.java:841)
	at net.bytebuddy.pool.TypePool$AbstractBase.describe(TypePool.java:574)
	at net.bytebuddy.pool.TypePool$AbstractBase$Hierarchical.describe(TypePool.java:657)
	at net.bytebuddy.pool.TypePool$Default$LazyTypeDescription$TokenizedGenericType.toErasure(TypePool.java:6875)
	at net.bytebuddy.pool.TypePool$Default$LazyTypeDescription$GenericTypeToken$Resolution$Raw$RawAnnotatedType.of(TypePool.java:3757)
	at net.bytebuddy.pool.TypePool$Default$LazyTypeDescription$GenericTypeToken$Resolution$Raw.resolveReturnType(TypePool.java:3665)
	at net.bytebuddy.pool.TypePool$Default$LazyTypeDescription$LazyMethodDescription.getReturnType(TypePool.java:7437)
	at net.bytebuddy.description.method.MethodDescription$AbstractBase.equals(MethodDescription.java:949)
	at net.bytebuddy.matcher.EqualityMatcher.matches(EqualityMatcher.java:47)
	at net.bytebuddy.matcher.DefinedShapeMatcher.doMatch(DefinedShapeMatcher.java:49)
	at net.bytebuddy.matcher.DefinedShapeMatcher.doMatch(DefinedShapeMatcher.java:27)
	at net.bytebuddy.matcher.ElementMatcher$Junction$ForNonNullValues.matches(ElementMatcher.java:249)
	at net.bytebuddy.matcher.FilterableList$AbstractBase.filter(FilterableList.java:125)
	at net.bytebuddy.pool.TypePool$Default$LazyTypeDescription$LazyAnnotationDescription.getValue(TypePool.java:6193)
	at nl.jqno.equalsverifier.internal.reflection.annotations.AnnotationCacheBuilder.buildAnnotationProperties(AnnotationCacheBuilder.java:181)
	at nl.jqno.equalsverifier.internal.reflection.annotations.AnnotationCacheBuilder.cacheSupportedAnnotations(AnnotationCacheBuilder.java:157)
	at nl.jqno.equalsverifier.internal.reflection.annotations.AnnotationCacheBuilder.lambda$visitClass$2(AnnotationCacheBuilder.java:103)
	at java.base/java.lang.Iterable.forEach(Iterable.java:75)
	at nl.jqno.equalsverifier.internal.reflection.annotations.AnnotationCacheBuilder.visitClass(AnnotationCacheBuilder.java:103)
	at nl.jqno.equalsverifier.internal.reflection.annotations.AnnotationCacheBuilder.visitType(AnnotationCacheBuilder.java:57)
	at nl.jqno.equalsverifier.internal.reflection.annotations.AnnotationCacheBuilder.build(AnnotationCacheBuilder.java:42)
	at nl.jqno.equalsverifier.internal.util.Configuration.buildAnnotationCache(Configuration.java:130)
	at nl.jqno.equalsverifier.internal.util.Configuration.build(Configuration.java:90)
	at nl.jqno.equalsverifier.api.SingleTypeEqualsVerifierApi.buildConfig(SingleTypeEqualsVerifierApi.java:389)
	at nl.jqno.equalsverifier.api.SingleTypeEqualsVerifierApi.performVerification(SingleTypeEqualsVerifierApi.java:375)
	at nl.jqno.equalsverifier.api.SingleTypeEqualsVerifierApi.verify(SingleTypeEqualsVerifierApi.java:312)
	... 42 more
</pre></div></td>
<td>-</td></tr></table></section><section><a id="org.agoncal.application.petstore.model.OrderLineTest"></a>
<h3><a name="OrderLineTest"></a>OrderLineTest</h3>
<table border="0" class="bodyTable">
<tr class="a">
<td align="left"><a href="#org.agoncal.application.petstore.model.OrderLineTest.shouldCheckEqualsAndHashCode"><img src="images/icon_error_sml.gif" alt="" /></a></td>
<td><a id="TC_org.agoncal.application.petstore.model.OrderLineTest.shouldCheckEqualsAndHashCode"></a><a href="#org.agoncal.application.petstore.model.OrderLineTest.shouldCheckEqualsAndHashCode">shouldCheckEqualsAndHashCode</a>
<div class="detailToggle" style="display:inline"><a href="javascript:toggleDisplay('org.agoncal.application.petstore.model.OrderLineTest.shouldCheckEqualsAndHashCode');"><span style="display:inline;" id="org.agoncal.application.petstore.model.OrderLineTest.shouldCheckEqualsAndHashCode-off"> + </span><span style="display:none;" id="org.agoncal.application.petstore.model.OrderLineTest.shouldCheckEqualsAndHashCode-on"> - </span>[ Detail ]</a></div></td>
<td>0.006 s</td></tr>
<tr class="b">
<td align="left">-</td>
<td>EqualsVerifier found a problem in class org.agoncal.application.petstore.model.OrderLine.
-&gt; Java 21 (65) is not supported by the current version of Byte Buddy which officially supports Java 20 (64) - update Byte Buddy or set net.bytebuddy.experimental as a VM property

For more information, go to: https://www.jqno.nl/equalsverifier/errormessages
(EqualsVerifier 3.12.3, JDK 21 on Mac OS X)</td>
<td>-</td></tr>
<tr class="a" id="org.agoncal.application.petstore.model.OrderLineTest.shouldCheckEqualsAndHashCode-failure" style="display:none;">
<td align="left">-</td>
<td>
<div class="source">
<pre>java.lang.AssertionError: 
EqualsVerifier found a problem in class org.agoncal.application.petstore.model.OrderLine.
-&gt; Java 21 (65) is not supported by the current version of Byte Buddy which officially supports Java 20 (64) - update Byte Buddy or set net.bytebuddy.experimental as a VM property

For more information, go to: https://www.jqno.nl/equalsverifier/errormessages
(EqualsVerifier 3.12.3, JDK 21 on Mac OS X)
	at nl.jqno.equalsverifier.api.SingleTypeEqualsVerifierApi.verify(SingleTypeEqualsVerifierApi.java:316)
	at org.agoncal.application.petstore.model.OrderLineTest.shouldCheckEqualsAndHashCode(OrderLineTest.java:25)
	at java.base/jdk.internal.reflect.DirectMethodHandleAccessor.invoke(DirectMethodHandleAccessor.java:103)
	at java.base/java.lang.reflect.Method.invoke(Method.java:580)
	at org.junit.runners.model.FrameworkMethod$1.runReflectiveCall(FrameworkMethod.java:50)
	at org.junit.internal.runners.model.ReflectiveCallable.run(ReflectiveCallable.java:12)
	at org.junit.runners.model.FrameworkMethod.invokeExplosively(FrameworkMethod.java:47)
	at org.junit.internal.runners.statements.InvokeMethod.evaluate(InvokeMethod.java:17)
	at org.junit.runners.ParentRunner.runLeaf(ParentRunner.java:325)
	at org.junit.runners.BlockJUnit4ClassRunner.runChild(BlockJUnit4ClassRunner.java:78)
	at org.junit.runners.BlockJUnit4ClassRunner.runChild(BlockJUnit4ClassRunner.java:57)
	at org.junit.runners.ParentRunner$3.run(ParentRunner.java:290)
	at org.junit.runners.ParentRunner$1.schedule(ParentRunner.java:71)
	at org.junit.runners.ParentRunner.runChildren(ParentRunner.java:288)
	at org.junit.runners.ParentRunner.access$000(ParentRunner.java:58)
	at org.junit.runners.ParentRunner$2.evaluate(ParentRunner.java:268)
	at org.junit.runners.ParentRunner.run(ParentRunner.java:363)
	at org.junit.runner.JUnitCore.run(JUnitCore.java:137)
	at org.junit.runner.JUnitCore.run(JUnitCore.java:115)
	at org.junit.vintage.engine.execution.RunnerExecutor.execute(RunnerExecutor.java:39)
	at java.base/java.util.stream.ForEachOps$ForEachOp$OfRef.accept(ForEachOps.java:184)
	at java.base/java.util.stream.ReferencePipeline$3$1.accept(ReferencePipeline.java:197)
	at java.base/java.util.Iterator.forEachRemaining(Iterator.java:133)
	at java.base/java.util.Spliterators$IteratorSpliterator.forEachRemaining(Spliterators.java:1939)
	at java.base/java.util.stream.AbstractPipeline.copyInto(AbstractPipeline.java:509)
	at java.base/java.util.stream.AbstractPipeline.wrapAndCopyInto(AbstractPipeline.java:499)
	at java.base/java.util.stream.ForEachOps$ForEachOp.evaluateSequential(ForEachOps.java:151)
	at java.base/java.util.stream.ForEachOps$ForEachOp$OfRef.evaluateSequential(ForEachOps.java:174)
	at java.base/java.util.stream.AbstractPipeline.evaluate(AbstractPipeline.java:234)
	at java.base/java.util.stream.ReferencePipeline.forEach(ReferencePipeline.java:596)
	at org.junit.vintage.engine.VintageTestEngine.executeAllChildren(VintageTestEngine.java:79)
	at org.junit.vintage.engine.VintageTestEngine.execute(VintageTestEngine.java:70)
	at org.junit.platform.launcher.core.DefaultLauncher.execute(DefaultLauncher.java:170)
	at org.junit.platform.launcher.core.DefaultLauncher.execute(DefaultLauncher.java:154)
	at org.junit.platform.launcher.core.DefaultLauncher.execute(DefaultLauncher.java:90)
	at org.apache.maven.surefire.junitplatform.LazyLauncher.execute(LazyLauncher.java:56)
	at org.apache.maven.surefire.junitplatform.JUnitPlatformProvider.execute(JUnitPlatformProvider.java:184)
	at org.apache.maven.surefire.junitplatform.JUnitPlatformProvider.invokeAllTests(JUnitPlatformProvider.java:148)
	at org.apache.maven.surefire.junitplatform.JUnitPlatformProvider.invoke(JUnitPlatformProvider.java:122)
	at org.apache.maven.surefire.booter.ForkedBooter.runSuitesInProcess(ForkedBooter.java:385)
	at org.apache.maven.surefire.booter.ForkedBooter.execute(ForkedBooter.java:162)
	at org.apache.maven.surefire.booter.ForkedBooter.run(ForkedBooter.java:507)
	at org.apache.maven.surefire.booter.ForkedBooter.main(ForkedBooter.java:495)
Caused by: java.lang.IllegalArgumentException: Java 21 (65) is not supported by the current version of Byte Buddy which officially supports Java 20 (64) - update Byte Buddy or set net.bytebuddy.experimental as a VM property
	at net.bytebuddy.utility.OpenedClassReader.of(OpenedClassReader.java:96)
	at net.bytebuddy.pool.TypePool$Default.parse(TypePool.java:855)
	at net.bytebuddy.pool.TypePool$Default.doDescribe(TypePool.java:841)
	at net.bytebuddy.pool.TypePool$AbstractBase.describe(TypePool.java:574)
	at net.bytebuddy.pool.TypePool$AbstractBase$Hierarchical.describe(TypePool.java:657)
	at net.bytebuddy.pool.TypePool$Default$LazyTypeDescription$TokenizedGenericType.toErasure(TypePool.java:6875)
	at net.bytebuddy.pool.TypePool$Default$LazyTypeDescription$GenericTypeToken$Resolution$Raw$RawAnnotatedType.of(TypePool.java:3757)
	at net.bytebuddy.pool.TypePool$Default$LazyTypeDescription$GenericTypeToken$Resolution$Raw.resolveReturnType(TypePool.java:3665)
	at net.bytebuddy.pool.TypePool$Default$LazyTypeDescription$LazyMethodDescription.getReturnType(TypePool.java:7437)
	at net.bytebuddy.description.method.MethodDescription$AbstractBase.equals(MethodDescription.java:949)
	at net.bytebuddy.matcher.EqualityMatcher.matches(EqualityMatcher.java:47)
	at net.bytebuddy.matcher.DefinedShapeMatcher.doMatch(DefinedShapeMatcher.java:49)
	at net.bytebuddy.matcher.DefinedShapeMatcher.doMatch(DefinedShapeMatcher.java:27)
	at net.bytebuddy.matcher.ElementMatcher$Junction$ForNonNullValues.matches(ElementMatcher.java:249)
	at net.bytebuddy.matcher.FilterableList$AbstractBase.filter(FilterableList.java:125)
	at net.bytebuddy.pool.TypePool$Default$LazyTypeDescription$LazyAnnotationDescription.getValue(TypePool.java:6193)
	at nl.jqno.equalsverifier.internal.reflection.annotations.AnnotationCacheBuilder.buildAnnotationProperties(AnnotationCacheBuilder.java:181)
	at nl.jqno.equalsverifier.internal.reflection.annotations.AnnotationCacheBuilder.cacheSupportedAnnotations(AnnotationCacheBuilder.java:157)
	at nl.jqno.equalsverifier.internal.reflection.annotations.AnnotationCacheBuilder.lambda$visitClass$2(AnnotationCacheBuilder.java:103)
	at java.base/java.lang.Iterable.forEach(Iterable.java:75)
	at nl.jqno.equalsverifier.internal.reflection.annotations.AnnotationCacheBuilder.visitClass(AnnotationCacheBuilder.java:103)
	at nl.jqno.equalsverifier.internal.reflection.annotations.AnnotationCacheBuilder.visitType(AnnotationCacheBuilder.java:57)
	at nl.jqno.equalsverifier.internal.reflection.annotations.AnnotationCacheBuilder.build(AnnotationCacheBuilder.java:42)
	at nl.jqno.equalsverifier.internal.util.Configuration.buildAnnotationCache(Configuration.java:130)
	at nl.jqno.equalsverifier.internal.util.Configuration.build(Configuration.java:90)
	at nl.jqno.equalsverifier.api.SingleTypeEqualsVerifierApi.buildConfig(SingleTypeEqualsVerifierApi.java:389)
	at nl.jqno.equalsverifier.api.SingleTypeEqualsVerifierApi.performVerification(SingleTypeEqualsVerifierApi.java:375)
	at nl.jqno.equalsverifier.api.SingleTypeEqualsVerifierApi.verify(SingleTypeEqualsVerifierApi.java:312)
	... 42 more
</pre></div></td>
<td>-</td></tr></table></section><section><a id="org.agoncal.application.petstore.model.ItemTest"></a>
<h3><a name="ItemTest"></a>ItemTest</h3>
<table border="0" class="bodyTable">
<tr class="a">
<td align="left"><a href="#org.agoncal.application.petstore.model.ItemTest.shouldCheckEqualsAndHashCode"><img src="images/icon_error_sml.gif" alt="" /></a></td>
<td><a id="TC_org.agoncal.application.petstore.model.ItemTest.shouldCheckEqualsAndHashCode"></a><a href="#org.agoncal.application.petstore.model.ItemTest.shouldCheckEqualsAndHashCode">shouldCheckEqualsAndHashCode</a>
<div class="detailToggle" style="display:inline"><a href="javascript:toggleDisplay('org.agoncal.application.petstore.model.ItemTest.shouldCheckEqualsAndHashCode');"><span style="display:inline;" id="org.agoncal.application.petstore.model.ItemTest.shouldCheckEqualsAndHashCode-off"> + </span><span style="display:none;" id="org.agoncal.application.petstore.model.ItemTest.shouldCheckEqualsAndHashCode-on"> - </span>[ Detail ]</a></div></td>
<td>0.300 s</td></tr>
<tr class="b">
<td align="left">-</td>
<td>EqualsVerifier found a problem in class org.agoncal.application.petstore.model.Item.
-&gt; Java 21 (65) is not supported by the current version of Byte Buddy which officially supports Java 20 (64) - update Byte Buddy or set net.bytebuddy.experimental as a VM property

For more information, go to: https://www.jqno.nl/equalsverifier/errormessages
(EqualsVerifier 3.12.3, JDK 21 on Mac OS X)</td>
<td>-</td></tr>
<tr class="a" id="org.agoncal.application.petstore.model.ItemTest.shouldCheckEqualsAndHashCode-failure" style="display:none;">
<td align="left">-</td>
<td>
<div class="source">
<pre>java.lang.AssertionError: 
EqualsVerifier found a problem in class org.agoncal.application.petstore.model.Item.
-&gt; Java 21 (65) is not supported by the current version of Byte Buddy which officially supports Java 20 (64) - update Byte Buddy or set net.bytebuddy.experimental as a VM property

For more information, go to: https://www.jqno.nl/equalsverifier/errormessages
(EqualsVerifier 3.12.3, JDK 21 on Mac OS X)
	at nl.jqno.equalsverifier.api.SingleTypeEqualsVerifierApi.verify(SingleTypeEqualsVerifierApi.java:316)
	at org.agoncal.application.petstore.model.ItemTest.shouldCheckEqualsAndHashCode(ItemTest.java:24)
	at java.base/jdk.internal.reflect.DirectMethodHandleAccessor.invoke(DirectMethodHandleAccessor.java:103)
	at java.base/java.lang.reflect.Method.invoke(Method.java:580)
	at org.junit.runners.model.FrameworkMethod$1.runReflectiveCall(FrameworkMethod.java:50)
	at org.junit.internal.runners.model.ReflectiveCallable.run(ReflectiveCallable.java:12)
	at org.junit.runners.model.FrameworkMethod.invokeExplosively(FrameworkMethod.java:47)
	at org.junit.internal.runners.statements.InvokeMethod.evaluate(InvokeMethod.java:17)
	at org.junit.runners.ParentRunner.runLeaf(ParentRunner.java:325)
	at org.junit.runners.BlockJUnit4ClassRunner.runChild(BlockJUnit4ClassRunner.java:78)
	at org.junit.runners.BlockJUnit4ClassRunner.runChild(BlockJUnit4ClassRunner.java:57)
	at org.junit.runners.ParentRunner$3.run(ParentRunner.java:290)
	at org.junit.runners.ParentRunner$1.schedule(ParentRunner.java:71)
	at org.junit.runners.ParentRunner.runChildren(ParentRunner.java:288)
	at org.junit.runners.ParentRunner.access$000(ParentRunner.java:58)
	at org.junit.runners.ParentRunner$2.evaluate(ParentRunner.java:268)
	at org.junit.runners.ParentRunner.run(ParentRunner.java:363)
	at org.junit.runner.JUnitCore.run(JUnitCore.java:137)
	at org.junit.runner.JUnitCore.run(JUnitCore.java:115)
	at org.junit.vintage.engine.execution.RunnerExecutor.execute(RunnerExecutor.java:39)
	at java.base/java.util.stream.ForEachOps$ForEachOp$OfRef.accept(ForEachOps.java:184)
	at java.base/java.util.stream.ReferencePipeline$3$1.accept(ReferencePipeline.java:197)
	at java.base/java.util.Iterator.forEachRemaining(Iterator.java:133)
	at java.base/java.util.Spliterators$IteratorSpliterator.forEachRemaining(Spliterators.java:1939)
	at java.base/java.util.stream.AbstractPipeline.copyInto(AbstractPipeline.java:509)
	at java.base/java.util.stream.AbstractPipeline.wrapAndCopyInto(AbstractPipeline.java:499)
	at java.base/java.util.stream.ForEachOps$ForEachOp.evaluateSequential(ForEachOps.java:151)
	at java.base/java.util.stream.ForEachOps$ForEachOp$OfRef.evaluateSequential(ForEachOps.java:174)
	at java.base/java.util.stream.AbstractPipeline.evaluate(AbstractPipeline.java:234)
	at java.base/java.util.stream.ReferencePipeline.forEach(ReferencePipeline.java:596)
	at org.junit.vintage.engine.VintageTestEngine.executeAllChildren(VintageTestEngine.java:79)
	at org.junit.vintage.engine.VintageTestEngine.execute(VintageTestEngine.java:70)
	at org.junit.platform.launcher.core.DefaultLauncher.execute(DefaultLauncher.java:170)
	at org.junit.platform.launcher.core.DefaultLauncher.execute(DefaultLauncher.java:154)
	at org.junit.platform.launcher.core.DefaultLauncher.execute(DefaultLauncher.java:90)
	at org.apache.maven.surefire.junitplatform.LazyLauncher.execute(LazyLauncher.java:56)
	at org.apache.maven.surefire.junitplatform.JUnitPlatformProvider.execute(JUnitPlatformProvider.java:184)
	at org.apache.maven.surefire.junitplatform.JUnitPlatformProvider.invokeAllTests(JUnitPlatformProvider.java:148)
	at org.apache.maven.surefire.junitplatform.JUnitPlatformProvider.invoke(JUnitPlatformProvider.java:122)
	at org.apache.maven.surefire.booter.ForkedBooter.runSuitesInProcess(ForkedBooter.java:385)
	at org.apache.maven.surefire.booter.ForkedBooter.execute(ForkedBooter.java:162)
	at org.apache.maven.surefire.booter.ForkedBooter.run(ForkedBooter.java:507)
	at org.apache.maven.surefire.booter.ForkedBooter.main(ForkedBooter.java:495)
Caused by: java.lang.IllegalArgumentException: Java 21 (65) is not supported by the current version of Byte Buddy which officially supports Java 20 (64) - update Byte Buddy or set net.bytebuddy.experimental as a VM property
	at net.bytebuddy.utility.OpenedClassReader.of(OpenedClassReader.java:96)
	at net.bytebuddy.pool.TypePool$Default.parse(TypePool.java:855)
	at net.bytebuddy.pool.TypePool$Default.doDescribe(TypePool.java:841)
	at net.bytebuddy.pool.TypePool$AbstractBase.describe(TypePool.java:574)
	at net.bytebuddy.pool.TypePool$AbstractBase$Hierarchical.describe(TypePool.java:657)
	at net.bytebuddy.pool.TypePool$Default$LazyTypeDescription$TokenizedGenericType.toErasure(TypePool.java:6875)
	at net.bytebuddy.pool.TypePool$Default$LazyTypeDescription$GenericTypeToken$Resolution$Raw$RawAnnotatedType.of(TypePool.java:3757)
	at net.bytebuddy.pool.TypePool$Default$LazyTypeDescription$GenericTypeToken$Resolution$Raw.resolveReturnType(TypePool.java:3665)
	at net.bytebuddy.pool.TypePool$Default$LazyTypeDescription$LazyMethodDescription.getReturnType(TypePool.java:7437)
	at net.bytebuddy.description.method.MethodDescription$AbstractBase.equals(MethodDescription.java:949)
	at net.bytebuddy.matcher.EqualityMatcher.matches(EqualityMatcher.java:47)
	at net.bytebuddy.matcher.DefinedShapeMatcher.doMatch(DefinedShapeMatcher.java:49)
	at net.bytebuddy.matcher.DefinedShapeMatcher.doMatch(DefinedShapeMatcher.java:27)
	at net.bytebuddy.matcher.ElementMatcher$Junction$ForNonNullValues.matches(ElementMatcher.java:249)
	at net.bytebuddy.matcher.FilterableList$AbstractBase.filter(FilterableList.java:125)
	at net.bytebuddy.pool.TypePool$Default$LazyTypeDescription$LazyAnnotationDescription.getValue(TypePool.java:6193)
	at nl.jqno.equalsverifier.internal.reflection.annotations.AnnotationCacheBuilder.buildAnnotationProperties(AnnotationCacheBuilder.java:181)
	at nl.jqno.equalsverifier.internal.reflection.annotations.AnnotationCacheBuilder.cacheSupportedAnnotations(AnnotationCacheBuilder.java:157)
	at nl.jqno.equalsverifier.internal.reflection.annotations.AnnotationCacheBuilder.lambda$visitClass$2(AnnotationCacheBuilder.java:103)
	at java.base/java.lang.Iterable.forEach(Iterable.java:75)
	at nl.jqno.equalsverifier.internal.reflection.annotations.AnnotationCacheBuilder.visitClass(AnnotationCacheBuilder.java:103)
	at nl.jqno.equalsverifier.internal.reflection.annotations.AnnotationCacheBuilder.visitType(AnnotationCacheBuilder.java:57)
	at nl.jqno.equalsverifier.internal.reflection.annotations.AnnotationCacheBuilder.build(AnnotationCacheBuilder.java:42)
	at nl.jqno.equalsverifier.internal.util.Configuration.buildAnnotationCache(Configuration.java:130)
	at nl.jqno.equalsverifier.internal.util.Configuration.build(Configuration.java:90)
	at nl.jqno.equalsverifier.api.SingleTypeEqualsVerifierApi.buildConfig(SingleTypeEqualsVerifierApi.java:389)
	at nl.jqno.equalsverifier.api.SingleTypeEqualsVerifierApi.performVerification(SingleTypeEqualsVerifierApi.java:375)
	at nl.jqno.equalsverifier.api.SingleTypeEqualsVerifierApi.verify(SingleTypeEqualsVerifierApi.java:312)
	... 42 more
</pre></div></td>
<td>-</td></tr></table></section><section><a id="org.agoncal.application.petstore.model.AddressTest"></a>
<h3><a name="AddressTest"></a>AddressTest</h3>
<table border="0" class="bodyTable">
<tr class="a">
<td align="left"><a href="#org.agoncal.application.petstore.model.AddressTest.shouldCheckEqualsAndHashCode"><img src="images/icon_error_sml.gif" alt="" /></a></td>
<td><a id="TC_org.agoncal.application.petstore.model.AddressTest.shouldCheckEqualsAndHashCode"></a><a href="#org.agoncal.application.petstore.model.AddressTest.shouldCheckEqualsAndHashCode">shouldCheckEqualsAndHashCode</a>
<div class="detailToggle" style="display:inline"><a href="javascript:toggleDisplay('org.agoncal.application.petstore.model.AddressTest.shouldCheckEqualsAndHashCode');"><span style="display:inline;" id="org.agoncal.application.petstore.model.AddressTest.shouldCheckEqualsAndHashCode-off"> + </span><span style="display:none;" id="org.agoncal.application.petstore.model.AddressTest.shouldCheckEqualsAndHashCode-on"> - </span>[ Detail ]</a></div></td>
<td>0.007 s</td></tr>
<tr class="b">
<td align="left">-</td>
<td>EqualsVerifier found a problem in class org.agoncal.application.petstore.model.Address.
-&gt; Java 21 (65) is not supported by the current version of Byte Buddy which officially supports Java 20 (64) - update Byte Buddy or set net.bytebuddy.experimental as a VM property

For more information, go to: https://www.jqno.nl/equalsverifier/errormessages
(EqualsVerifier 3.12.3, JDK 21 on Mac OS X)</td>
<td>-</td></tr>
<tr class="a" id="org.agoncal.application.petstore.model.AddressTest.shouldCheckEqualsAndHashCode-failure" style="display:none;">
<td align="left">-</td>
<td>
<div class="source">
<pre>java.lang.AssertionError: 
EqualsVerifier found a problem in class org.agoncal.application.petstore.model.Address.
-&gt; Java 21 (65) is not supported by the current version of Byte Buddy which officially supports Java 20 (64) - update Byte Buddy or set net.bytebuddy.experimental as a VM property

For more information, go to: https://www.jqno.nl/equalsverifier/errormessages
(EqualsVerifier 3.12.3, JDK 21 on Mac OS X)
	at nl.jqno.equalsverifier.api.SingleTypeEqualsVerifierApi.verify(SingleTypeEqualsVerifierApi.java:316)
	at org.agoncal.application.petstore.model.AddressTest.shouldCheckEqualsAndHashCode(AddressTest.java:24)
	at java.base/jdk.internal.reflect.DirectMethodHandleAccessor.invoke(DirectMethodHandleAccessor.java:103)
	at java.base/java.lang.reflect.Method.invoke(Method.java:580)
	at org.junit.runners.model.FrameworkMethod$1.runReflectiveCall(FrameworkMethod.java:50)
	at org.junit.internal.runners.model.ReflectiveCallable.run(ReflectiveCallable.java:12)
	at org.junit.runners.model.FrameworkMethod.invokeExplosively(FrameworkMethod.java:47)
	at org.junit.internal.runners.statements.InvokeMethod.evaluate(InvokeMethod.java:17)
	at org.junit.runners.ParentRunner.runLeaf(ParentRunner.java:325)
	at org.junit.runners.BlockJUnit4ClassRunner.runChild(BlockJUnit4ClassRunner.java:78)
	at org.junit.runners.BlockJUnit4ClassRunner.runChild(BlockJUnit4ClassRunner.java:57)
	at org.junit.runners.ParentRunner$3.run(ParentRunner.java:290)
	at org.junit.runners.ParentRunner$1.schedule(ParentRunner.java:71)
	at org.junit.runners.ParentRunner.runChildren(ParentRunner.java:288)
	at org.junit.runners.ParentRunner.access$000(ParentRunner.java:58)
	at org.junit.runners.ParentRunner$2.evaluate(ParentRunner.java:268)
	at org.junit.runners.ParentRunner.run(ParentRunner.java:363)
	at org.junit.runner.JUnitCore.run(JUnitCore.java:137)
	at org.junit.runner.JUnitCore.run(JUnitCore.java:115)
	at org.junit.vintage.engine.execution.RunnerExecutor.execute(RunnerExecutor.java:39)
	at java.base/java.util.stream.ForEachOps$ForEachOp$OfRef.accept(ForEachOps.java:184)
	at java.base/java.util.stream.ReferencePipeline$3$1.accept(ReferencePipeline.java:197)
	at java.base/java.util.Iterator.forEachRemaining(Iterator.java:133)
	at java.base/java.util.Spliterators$IteratorSpliterator.forEachRemaining(Spliterators.java:1939)
	at java.base/java.util.stream.AbstractPipeline.copyInto(AbstractPipeline.java:509)
	at java.base/java.util.stream.AbstractPipeline.wrapAndCopyInto(AbstractPipeline.java:499)
	at java.base/java.util.stream.ForEachOps$ForEachOp.evaluateSequential(ForEachOps.java:151)
	at java.base/java.util.stream.ForEachOps$ForEachOp$OfRef.evaluateSequential(ForEachOps.java:174)
	at java.base/java.util.stream.AbstractPipeline.evaluate(AbstractPipeline.java:234)
	at java.base/java.util.stream.ReferencePipeline.forEach(ReferencePipeline.java:596)
	at org.junit.vintage.engine.VintageTestEngine.executeAllChildren(VintageTestEngine.java:79)
	at org.junit.vintage.engine.VintageTestEngine.execute(VintageTestEngine.java:70)
	at org.junit.platform.launcher.core.DefaultLauncher.execute(DefaultLauncher.java:170)
	at org.junit.platform.launcher.core.DefaultLauncher.execute(DefaultLauncher.java:154)
	at org.junit.platform.launcher.core.DefaultLauncher.execute(DefaultLauncher.java:90)
	at org.apache.maven.surefire.junitplatform.LazyLauncher.execute(LazyLauncher.java:56)
	at org.apache.maven.surefire.junitplatform.JUnitPlatformProvider.execute(JUnitPlatformProvider.java:184)
	at org.apache.maven.surefire.junitplatform.JUnitPlatformProvider.invokeAllTests(JUnitPlatformProvider.java:148)
	at org.apache.maven.surefire.junitplatform.JUnitPlatformProvider.invoke(JUnitPlatformProvider.java:122)
	at org.apache.maven.surefire.booter.ForkedBooter.runSuitesInProcess(ForkedBooter.java:385)
	at org.apache.maven.surefire.booter.ForkedBooter.execute(ForkedBooter.java:162)
	at org.apache.maven.surefire.booter.ForkedBooter.run(ForkedBooter.java:507)
	at org.apache.maven.surefire.booter.ForkedBooter.main(ForkedBooter.java:495)
Caused by: java.lang.IllegalArgumentException: Java 21 (65) is not supported by the current version of Byte Buddy which officially supports Java 20 (64) - update Byte Buddy or set net.bytebuddy.experimental as a VM property
	at net.bytebuddy.utility.OpenedClassReader.of(OpenedClassReader.java:96)
	at net.bytebuddy.pool.TypePool$Default.parse(TypePool.java:855)
	at net.bytebuddy.pool.TypePool$Default.doDescribe(TypePool.java:841)
	at net.bytebuddy.pool.TypePool$AbstractBase.describe(TypePool.java:574)
	at net.bytebuddy.pool.TypePool$AbstractBase$Hierarchical.describe(TypePool.java:657)
	at net.bytebuddy.pool.TypePool$Default$LazyTypeDescription$AnnotationToken.toAnnotationDescription(TypePool.java:5602)
	at net.bytebuddy.pool.TypePool$Default$LazyTypeDescription$AnnotationToken.access$2000(TypePool.java:5563)
	at net.bytebuddy.pool.TypePool$Default$LazyTypeDescription$LazyAnnotationDescription.asList(TypePool.java:6174)
	at net.bytebuddy.pool.TypePool$Default$LazyTypeDescription.getDeclaredAnnotations(TypePool.java:2899)
	at nl.jqno.equalsverifier.internal.reflection.annotations.AnnotationCacheBuilder.visitClass(AnnotationCacheBuilder.java:102)
	at nl.jqno.equalsverifier.internal.reflection.annotations.AnnotationCacheBuilder.visitType(AnnotationCacheBuilder.java:57)
	at nl.jqno.equalsverifier.internal.reflection.annotations.AnnotationCacheBuilder.build(AnnotationCacheBuilder.java:42)
	at nl.jqno.equalsverifier.internal.reflection.annotations.SupportedAnnotations$2.validate(SupportedAnnotations.java:87)
	at nl.jqno.equalsverifier.internal.reflection.annotations.AnnotationCacheBuilder.lambda$cacheSupportedAnnotations$11(AnnotationCacheBuilder.java:162)
	at java.base/java.util.stream.ReferencePipeline$2$1.accept(ReferencePipeline.java:178)
	at java.base/java.util.stream.ReferencePipeline$2$1.accept(ReferencePipeline.java:179)
	at java.base/java.util.stream.ReferencePipeline$2$1.accept(ReferencePipeline.java:179)
	at java.base/java.util.Spliterators$ArraySpliterator.forEachRemaining(Spliterators.java:1024)
	at java.base/java.util.stream.AbstractPipeline.copyInto(AbstractPipeline.java:509)
	at java.base/java.util.stream.AbstractPipeline.wrapAndCopyInto(AbstractPipeline.java:499)
	at java.base/java.util.stream.ForEachOps$ForEachOp.evaluateSequential(ForEachOps.java:151)
	at java.base/java.util.stream.ForEachOps$ForEachOp$OfRef.evaluateSequential(ForEachOps.java:174)
	at java.base/java.util.stream.AbstractPipeline.evaluate(AbstractPipeline.java:234)
	at java.base/java.util.stream.ReferencePipeline.forEach(ReferencePipeline.java:596)
	at nl.jqno.equalsverifier.internal.reflection.annotations.AnnotationCacheBuilder.cacheSupportedAnnotations(AnnotationCacheBuilder.java:163)
	at nl.jqno.equalsverifier.internal.reflection.annotations.AnnotationCacheBuilder.lambda$visitClass$2(AnnotationCacheBuilder.java:103)
	at java.base/java.lang.Iterable.forEach(Iterable.java:75)
	at nl.jqno.equalsverifier.internal.reflection.annotations.AnnotationCacheBuilder.visitClass(AnnotationCacheBuilder.java:103)
	at nl.jqno.equalsverifier.internal.reflection.annotations.AnnotationCacheBuilder.visitType(AnnotationCacheBuilder.java:57)
	at nl.jqno.equalsverifier.internal.reflection.annotations.AnnotationCacheBuilder.build(AnnotationCacheBuilder.java:42)
	at nl.jqno.equalsverifier.internal.util.Configuration.buildAnnotationCache(Configuration.java:130)
	at nl.jqno.equalsverifier.internal.util.Configuration.build(Configuration.java:90)
	at nl.jqno.equalsverifier.api.SingleTypeEqualsVerifierApi.buildConfig(SingleTypeEqualsVerifierApi.java:389)
	at nl.jqno.equalsverifier.api.SingleTypeEqualsVerifierApi.performVerification(SingleTypeEqualsVerifierApi.java:375)
	at nl.jqno.equalsverifier.api.SingleTypeEqualsVerifierApi.verify(SingleTypeEqualsVerifierApi.java:312)
	... 42 more
</pre></div></td>
<td>-</td></tr></table></section><section><a id="org.agoncal.application.petstore.model.CustomerTest"></a>
<h3><a name="CustomerTest"></a>CustomerTest</h3>
<table border="0" class="bodyTable">
<tr class="a">
<td align="left"><a href="#org.agoncal.application.petstore.model.CustomerTest.shouldCheckEqualsAndHashCode"><img src="images/icon_error_sml.gif" alt="" /></a></td>
<td><a id="TC_org.agoncal.application.petstore.model.CustomerTest.shouldCheckEqualsAndHashCode"></a><a href="#org.agoncal.application.petstore.model.CustomerTest.shouldCheckEqualsAndHashCode">shouldCheckEqualsAndHashCode</a>
<div class="detailToggle" style="display:inline"><a href="javascript:toggleDisplay('org.agoncal.application.petstore.model.CustomerTest.shouldCheckEqualsAndHashCode');"><span style="display:inline;" id="org.agoncal.application.petstore.model.CustomerTest.shouldCheckEqualsAndHashCode-off"> + </span><span style="display:none;" id="org.agoncal.application.petstore.model.CustomerTest.shouldCheckEqualsAndHashCode-on"> - </span>[ Detail ]</a></div></td>
<td>0.007 s</td></tr>
<tr class="b">
<td align="left">-</td>
<td>EqualsVerifier found a problem in class org.agoncal.application.petstore.model.Customer.
-&gt; Java 21 (65) is not supported by the current version of Byte Buddy which officially supports Java 20 (64) - update Byte Buddy or set net.bytebuddy.experimental as a VM property

For more information, go to: https://www.jqno.nl/equalsverifier/errormessages
(EqualsVerifier 3.12.3, JDK 21 on Mac OS X)</td>
<td>-</td></tr>
<tr class="a" id="org.agoncal.application.petstore.model.CustomerTest.shouldCheckEqualsAndHashCode-failure" style="display:none;">
<td align="left">-</td>
<td>
<div class="source">
<pre>java.lang.AssertionError: 
EqualsVerifier found a problem in class org.agoncal.application.petstore.model.Customer.
-&gt; Java 21 (65) is not supported by the current version of Byte Buddy which officially supports Java 20 (64) - update Byte Buddy or set net.bytebuddy.experimental as a VM property

For more information, go to: https://www.jqno.nl/equalsverifier/errormessages
(EqualsVerifier 3.12.3, JDK 21 on Mac OS X)
	at nl.jqno.equalsverifier.api.SingleTypeEqualsVerifierApi.verify(SingleTypeEqualsVerifierApi.java:316)
	at org.agoncal.application.petstore.model.CustomerTest.shouldCheckEqualsAndHashCode(CustomerTest.java:26)
	at java.base/jdk.internal.reflect.DirectMethodHandleAccessor.invoke(DirectMethodHandleAccessor.java:103)
	at java.base/java.lang.reflect.Method.invoke(Method.java:580)
	at org.junit.runners.model.FrameworkMethod$1.runReflectiveCall(FrameworkMethod.java:50)
	at org.junit.internal.runners.model.ReflectiveCallable.run(ReflectiveCallable.java:12)
	at org.junit.runners.model.FrameworkMethod.invokeExplosively(FrameworkMethod.java:47)
	at org.junit.internal.runners.statements.InvokeMethod.evaluate(InvokeMethod.java:17)
	at org.junit.runners.ParentRunner.runLeaf(ParentRunner.java:325)
	at org.junit.runners.BlockJUnit4ClassRunner.runChild(BlockJUnit4ClassRunner.java:78)
	at org.junit.runners.BlockJUnit4ClassRunner.runChild(BlockJUnit4ClassRunner.java:57)
	at org.junit.runners.ParentRunner$3.run(ParentRunner.java:290)
	at org.junit.runners.ParentRunner$1.schedule(ParentRunner.java:71)
	at org.junit.runners.ParentRunner.runChildren(ParentRunner.java:288)
	at org.junit.runners.ParentRunner.access$000(ParentRunner.java:58)
	at org.junit.runners.ParentRunner$2.evaluate(ParentRunner.java:268)
	at org.junit.runners.ParentRunner.run(ParentRunner.java:363)
	at org.junit.runner.JUnitCore.run(JUnitCore.java:137)
	at org.junit.runner.JUnitCore.run(JUnitCore.java:115)
	at org.junit.vintage.engine.execution.RunnerExecutor.execute(RunnerExecutor.java:39)
	at java.base/java.util.stream.ForEachOps$ForEachOp$OfRef.accept(ForEachOps.java:184)
	at java.base/java.util.stream.ReferencePipeline$3$1.accept(ReferencePipeline.java:197)
	at java.base/java.util.Iterator.forEachRemaining(Iterator.java:133)
	at java.base/java.util.Spliterators$IteratorSpliterator.forEachRemaining(Spliterators.java:1939)
	at java.base/java.util.stream.AbstractPipeline.copyInto(AbstractPipeline.java:509)
	at java.base/java.util.stream.AbstractPipeline.wrapAndCopyInto(AbstractPipeline.java:499)
	at java.base/java.util.stream.ForEachOps$ForEachOp.evaluateSequential(ForEachOps.java:151)
	at java.base/java.util.stream.ForEachOps$ForEachOp$OfRef.evaluateSequential(ForEachOps.java:174)
	at java.base/java.util.stream.AbstractPipeline.evaluate(AbstractPipeline.java:234)
	at java.base/java.util.stream.ReferencePipeline.forEach(ReferencePipeline.java:596)
	at org.junit.vintage.engine.VintageTestEngine.executeAllChildren(VintageTestEngine.java:79)
	at org.junit.vintage.engine.VintageTestEngine.execute(VintageTestEngine.java:70)
	at org.junit.platform.launcher.core.DefaultLauncher.execute(DefaultLauncher.java:170)
	at org.junit.platform.launcher.core.DefaultLauncher.execute(DefaultLauncher.java:154)
	at org.junit.platform.launcher.core.DefaultLauncher.execute(DefaultLauncher.java:90)
	at org.apache.maven.surefire.junitplatform.LazyLauncher.execute(LazyLauncher.java:56)
	at org.apache.maven.surefire.junitplatform.JUnitPlatformProvider.execute(JUnitPlatformProvider.java:184)
	at org.apache.maven.surefire.junitplatform.JUnitPlatformProvider.invokeAllTests(JUnitPlatformProvider.java:148)
	at org.apache.maven.surefire.junitplatform.JUnitPlatformProvider.invoke(JUnitPlatformProvider.java:122)
	at org.apache.maven.surefire.booter.ForkedBooter.runSuitesInProcess(ForkedBooter.java:385)
	at org.apache.maven.surefire.booter.ForkedBooter.execute(ForkedBooter.java:162)
	at org.apache.maven.surefire.booter.ForkedBooter.run(ForkedBooter.java:507)
	at org.apache.maven.surefire.booter.ForkedBooter.main(ForkedBooter.java:495)
Caused by: java.lang.IllegalArgumentException: Java 21 (65) is not supported by the current version of Byte Buddy which officially supports Java 20 (64) - update Byte Buddy or set net.bytebuddy.experimental as a VM property
	at net.bytebuddy.utility.OpenedClassReader.of(OpenedClassReader.java:96)
	at net.bytebuddy.pool.TypePool$Default.parse(TypePool.java:855)
	at net.bytebuddy.pool.TypePool$Default.doDescribe(TypePool.java:841)
	at net.bytebuddy.pool.TypePool$AbstractBase.describe(TypePool.java:574)
	at net.bytebuddy.pool.TypePool$AbstractBase$Hierarchical.describe(TypePool.java:657)
	at net.bytebuddy.pool.TypePool$Default$LazyTypeDescription$TokenizedGenericType.toErasure(TypePool.java:6875)
	at net.bytebuddy.pool.TypePool$Default$LazyTypeDescription$GenericTypeToken$Resolution$Raw$RawAnnotatedType.of(TypePool.java:3757)
	at net.bytebuddy.pool.TypePool$Default$LazyTypeDescription$GenericTypeToken$Resolution$Raw.resolveReturnType(TypePool.java:3665)
	at net.bytebuddy.pool.TypePool$Default$LazyTypeDescription$LazyMethodDescription.getReturnType(TypePool.java:7437)
	at net.bytebuddy.description.method.MethodDescription$AbstractBase.equals(MethodDescription.java:949)
	at net.bytebuddy.matcher.EqualityMatcher.matches(EqualityMatcher.java:47)
	at net.bytebuddy.matcher.DefinedShapeMatcher.doMatch(DefinedShapeMatcher.java:49)
	at net.bytebuddy.matcher.DefinedShapeMatcher.doMatch(DefinedShapeMatcher.java:27)
	at net.bytebuddy.matcher.ElementMatcher$Junction$ForNonNullValues.matches(ElementMatcher.java:249)
	at net.bytebuddy.matcher.FilterableList$AbstractBase.filter(FilterableList.java:125)
	at net.bytebuddy.pool.TypePool$Default$LazyTypeDescription$LazyAnnotationDescription.getValue(TypePool.java:6193)
	at nl.jqno.equalsverifier.internal.reflection.annotations.AnnotationCacheBuilder.buildAnnotationProperties(AnnotationCacheBuilder.java:181)
	at nl.jqno.equalsverifier.internal.reflection.annotations.AnnotationCacheBuilder.cacheSupportedAnnotations(AnnotationCacheBuilder.java:157)
	at nl.jqno.equalsverifier.internal.reflection.annotations.AnnotationCacheBuilder.lambda$visitClass$2(AnnotationCacheBuilder.java:103)
	at java.base/java.lang.Iterable.forEach(Iterable.java:75)
	at nl.jqno.equalsverifier.internal.reflection.annotations.AnnotationCacheBuilder.visitClass(AnnotationCacheBuilder.java:103)
	at nl.jqno.equalsverifier.internal.reflection.annotations.AnnotationCacheBuilder.visitType(AnnotationCacheBuilder.java:57)
	at nl.jqno.equalsverifier.internal.reflection.annotations.AnnotationCacheBuilder.build(AnnotationCacheBuilder.java:42)
	at nl.jqno.equalsverifier.internal.util.Configuration.buildAnnotationCache(Configuration.java:130)
	at nl.jqno.equalsverifier.internal.util.Configuration.build(Configuration.java:90)
	at nl.jqno.equalsverifier.api.SingleTypeEqualsVerifierApi.buildConfig(SingleTypeEqualsVerifierApi.java:389)
	at nl.jqno.equalsverifier.api.SingleTypeEqualsVerifierApi.performVerification(SingleTypeEqualsVerifierApi.java:375)
	at nl.jqno.equalsverifier.api.SingleTypeEqualsVerifierApi.verify(SingleTypeEqualsVerifierApi.java:312)
	... 42 more
</pre></div></td>
<td>-</td></tr></table></section><section><a id="org.agoncal.application.petstore.model.PurchaseOrderTest"></a>
<h3><a name="PurchaseOrderTest"></a>PurchaseOrderTest</h3>
<table border="0" class="bodyTable">
<tr class="a">
<td align="left"><a href="#org.agoncal.application.petstore.model.PurchaseOrderTest.shouldCheckEqualsAndHashCode"><img src="images/icon_error_sml.gif" alt="" /></a></td>
<td><a id="TC_org.agoncal.application.petstore.model.PurchaseOrderTest.shouldCheckEqualsAndHashCode"></a><a href="#org.agoncal.application.petstore.model.PurchaseOrderTest.shouldCheckEqualsAndHashCode">shouldCheckEqualsAndHashCode</a>
<div class="detailToggle" style="display:inline"><a href="javascript:toggleDisplay('org.agoncal.application.petstore.model.PurchaseOrderTest.shouldCheckEqualsAndHashCode');"><span style="display:inline;" id="org.agoncal.application.petstore.model.PurchaseOrderTest.shouldCheckEqualsAndHashCode-off"> + </span><span style="display:none;" id="org.agoncal.application.petstore.model.PurchaseOrderTest.shouldCheckEqualsAndHashCode-on"> - </span>[ Detail ]</a></div></td>
<td>0.014 s</td></tr>
<tr class="b">
<td align="left">-</td>
<td>EqualsVerifier found a problem in class org.agoncal.application.petstore.model.PurchaseOrder.
-&gt; Java 21 (65) is not supported by the current version of Byte Buddy which officially supports Java 20 (64) - update Byte Buddy or set net.bytebuddy.experimental as a VM property

For more information, go to: https://www.jqno.nl/equalsverifier/errormessages
(EqualsVerifier 3.12.3, JDK 21 on Mac OS X)</td>
<td>-</td></tr>
<tr class="a" id="org.agoncal.application.petstore.model.PurchaseOrderTest.shouldCheckEqualsAndHashCode-failure" style="display:none;">
<td align="left">-</td>
<td>
<div class="source">
<pre>java.lang.AssertionError: 
EqualsVerifier found a problem in class org.agoncal.application.petstore.model.PurchaseOrder.
-&gt; Java 21 (65) is not supported by the current version of Byte Buddy which officially supports Java 20 (64) - update Byte Buddy or set net.bytebuddy.experimental as a VM property

For more information, go to: https://www.jqno.nl/equalsverifier/errormessages
(EqualsVerifier 3.12.3, JDK 21 on Mac OS X)
	at nl.jqno.equalsverifier.api.SingleTypeEqualsVerifierApi.verify(SingleTypeEqualsVerifierApi.java:316)
	at org.agoncal.application.petstore.model.PurchaseOrderTest.shouldCheckEqualsAndHashCode(PurchaseOrderTest.java:26)
	at java.base/jdk.internal.reflect.DirectMethodHandleAccessor.invoke(DirectMethodHandleAccessor.java:103)
	at java.base/java.lang.reflect.Method.invoke(Method.java:580)
	at org.junit.runners.model.FrameworkMethod$1.runReflectiveCall(FrameworkMethod.java:50)
	at org.junit.internal.runners.model.ReflectiveCallable.run(ReflectiveCallable.java:12)
	at org.junit.runners.model.FrameworkMethod.invokeExplosively(FrameworkMethod.java:47)
	at org.junit.internal.runners.statements.InvokeMethod.evaluate(InvokeMethod.java:17)
	at org.junit.runners.ParentRunner.runLeaf(ParentRunner.java:325)
	at org.junit.runners.BlockJUnit4ClassRunner.runChild(BlockJUnit4ClassRunner.java:78)
	at org.junit.runners.BlockJUnit4ClassRunner.runChild(BlockJUnit4ClassRunner.java:57)
	at org.junit.runners.ParentRunner$3.run(ParentRunner.java:290)
	at org.junit.runners.ParentRunner$1.schedule(ParentRunner.java:71)
	at org.junit.runners.ParentRunner.runChildren(ParentRunner.java:288)
	at org.junit.runners.ParentRunner.access$000(ParentRunner.java:58)
	at org.junit.runners.ParentRunner$2.evaluate(ParentRunner.java:268)
	at org.junit.runners.ParentRunner.run(ParentRunner.java:363)
	at org.junit.runner.JUnitCore.run(JUnitCore.java:137)
	at org.junit.runner.JUnitCore.run(JUnitCore.java:115)
	at org.junit.vintage.engine.execution.RunnerExecutor.execute(RunnerExecutor.java:39)
	at java.base/java.util.stream.ForEachOps$ForEachOp$OfRef.accept(ForEachOps.java:184)
	at java.base/java.util.stream.ReferencePipeline$3$1.accept(ReferencePipeline.java:197)
	at java.base/java.util.Iterator.forEachRemaining(Iterator.java:133)
	at java.base/java.util.Spliterators$IteratorSpliterator.forEachRemaining(Spliterators.java:1939)
	at java.base/java.util.stream.AbstractPipeline.copyInto(AbstractPipeline.java:509)
	at java.base/java.util.stream.AbstractPipeline.wrapAndCopyInto(AbstractPipeline.java:499)
	at java.base/java.util.stream.ForEachOps$ForEachOp.evaluateSequential(ForEachOps.java:151)
	at java.base/java.util.stream.ForEachOps$ForEachOp$OfRef.evaluateSequential(ForEachOps.java:174)
	at java.base/java.util.stream.AbstractPipeline.evaluate(AbstractPipeline.java:234)
	at java.base/java.util.stream.ReferencePipeline.forEach(ReferencePipeline.java:596)
	at org.junit.vintage.engine.VintageTestEngine.executeAllChildren(VintageTestEngine.java:79)
	at org.junit.vintage.engine.VintageTestEngine.execute(VintageTestEngine.java:70)
	at org.junit.platform.launcher.core.DefaultLauncher.execute(DefaultLauncher.java:170)
	at org.junit.platform.launcher.core.DefaultLauncher.execute(DefaultLauncher.java:154)
	at org.junit.platform.launcher.core.DefaultLauncher.execute(DefaultLauncher.java:90)
	at org.apache.maven.surefire.junitplatform.LazyLauncher.execute(LazyLauncher.java:56)
	at org.apache.maven.surefire.junitplatform.JUnitPlatformProvider.execute(JUnitPlatformProvider.java:184)
	at org.apache.maven.surefire.junitplatform.JUnitPlatformProvider.invokeAllTests(JUnitPlatformProvider.java:148)
	at org.apache.maven.surefire.junitplatform.JUnitPlatformProvider.invoke(JUnitPlatformProvider.java:122)
	at org.apache.maven.surefire.booter.ForkedBooter.runSuitesInProcess(ForkedBooter.java:385)
	at org.apache.maven.surefire.booter.ForkedBooter.execute(ForkedBooter.java:162)
	at org.apache.maven.surefire.booter.ForkedBooter.run(ForkedBooter.java:507)
	at org.apache.maven.surefire.booter.ForkedBooter.main(ForkedBooter.java:495)
Caused by: java.lang.IllegalArgumentException: Java 21 (65) is not supported by the current version of Byte Buddy which officially supports Java 20 (64) - update Byte Buddy or set net.bytebuddy.experimental as a VM property
	at net.bytebuddy.utility.OpenedClassReader.of(OpenedClassReader.java:96)
	at net.bytebuddy.pool.TypePool$Default.parse(TypePool.java:855)
	at net.bytebuddy.pool.TypePool$Default.doDescribe(TypePool.java:841)
	at net.bytebuddy.pool.TypePool$AbstractBase.describe(TypePool.java:574)
	at net.bytebuddy.pool.TypePool$AbstractBase$Hierarchical.describe(TypePool.java:657)
	at net.bytebuddy.pool.TypePool$Default$LazyTypeDescription$TokenizedGenericType.toErasure(TypePool.java:6875)
	at net.bytebuddy.pool.TypePool$Default$LazyTypeDescription$GenericTypeToken$Resolution$Raw$RawAnnotatedType.of(TypePool.java:3757)
	at net.bytebuddy.pool.TypePool$Default$LazyTypeDescription$GenericTypeToken$Resolution$Raw.resolveReturnType(TypePool.java:3665)
	at net.bytebuddy.pool.TypePool$Default$LazyTypeDescription$LazyMethodDescription.getReturnType(TypePool.java:7437)
	at net.bytebuddy.description.method.MethodDescription$AbstractBase.equals(MethodDescription.java:949)
	at net.bytebuddy.matcher.EqualityMatcher.matches(EqualityMatcher.java:47)
	at net.bytebuddy.matcher.DefinedShapeMatcher.doMatch(DefinedShapeMatcher.java:49)
	at net.bytebuddy.matcher.DefinedShapeMatcher.doMatch(DefinedShapeMatcher.java:27)
	at net.bytebuddy.matcher.ElementMatcher$Junction$ForNonNullValues.matches(ElementMatcher.java:249)
	at net.bytebuddy.matcher.FilterableList$AbstractBase.filter(FilterableList.java:125)
	at net.bytebuddy.pool.TypePool$Default$LazyTypeDescription$LazyAnnotationDescription.getValue(TypePool.java:6193)
	at nl.jqno.equalsverifier.internal.reflection.annotations.AnnotationCacheBuilder.buildAnnotationProperties(AnnotationCacheBuilder.java:181)
	at nl.jqno.equalsverifier.internal.reflection.annotations.AnnotationCacheBuilder.cacheSupportedAnnotations(AnnotationCacheBuilder.java:157)
	at nl.jqno.equalsverifier.internal.reflection.annotations.AnnotationCacheBuilder.lambda$visitClass$2(AnnotationCacheBuilder.java:103)
	at java.base/java.lang.Iterable.forEach(Iterable.java:75)
	at nl.jqno.equalsverifier.internal.reflection.annotations.AnnotationCacheBuilder.visitClass(AnnotationCacheBuilder.java:103)
	at nl.jqno.equalsverifier.internal.reflection.annotations.AnnotationCacheBuilder.visitType(AnnotationCacheBuilder.java:57)
	at nl.jqno.equalsverifier.internal.reflection.annotations.AnnotationCacheBuilder.build(AnnotationCacheBuilder.java:42)
	at nl.jqno.equalsverifier.internal.util.Configuration.buildAnnotationCache(Configuration.java:130)
	at nl.jqno.equalsverifier.internal.util.Configuration.build(Configuration.java:90)
	at nl.jqno.equalsverifier.api.SingleTypeEqualsVerifierApi.buildConfig(SingleTypeEqualsVerifierApi.java:389)
	at nl.jqno.equalsverifier.api.SingleTypeEqualsVerifierApi.performVerification(SingleTypeEqualsVerifierApi.java:375)
	at nl.jqno.equalsverifier.api.SingleTypeEqualsVerifierApi.verify(SingleTypeEqualsVerifierApi.java:312)
	... 42 more
</pre></div></td>
<td>-</td></tr></table></section><section><a id="org.agoncal.application.petstore.model.CreditCardGetCreditCardNumberTest"></a>
<h3><a name="CreditCardGetCreditCardNumberTest"></a>CreditCardGetCreditCardNumberTest</h3>
<table border="0" class="bodyTable">
<tr class="a">
<td align="left"><img src="images/icon_success_sml.gif" alt="" /></td>
<td><a id="TC_org.agoncal.application.petstore.model.CreditCardGetCreditCardNumberTest.testGetCreditCardNumberReturnsNullForUnsetValue"></a>testGetCreditCardNumberReturnsNullForUnsetValue</td>
<td>0.002 s</td></tr>
<tr class="b">
<td align="left"><img src="images/icon_success_sml.gif" alt="" /></td>
<td><a id="TC_org.agoncal.application.petstore.model.CreditCardGetCreditCardNumberTest.testGetCreditCardNumberReturnsCorrectValue"></a>testGetCreditCardNumberReturnsCorrectValue</td>
<td>0.001 s</td></tr>
<tr class="a">
<td align="left"><img src="images/icon_success_sml.gif" alt="" /></td>
<td><a id="TC_org.agoncal.application.petstore.model.CreditCardGetCreditCardNumberTest.testGetCreditCardNumberHandlesChangesCorrectly"></a>testGetCreditCardNumberHandlesChangesCorrectly</td>
<td>0.001 s</td></tr></table></section><section><a id="org.agoncal.application.petstore.model.CountryTest"></a>
<h3><a name="CountryTest"></a>CountryTest</h3>
<table border="0" class="bodyTable">
<tr class="a">
<td align="left"><a href="#org.agoncal.application.petstore.model.CountryTest.shouldCheckEqualsAndHashCode"><img src="images/icon_error_sml.gif" alt="" /></a></td>
<td><a id="TC_org.agoncal.application.petstore.model.CountryTest.shouldCheckEqualsAndHashCode"></a><a href="#org.agoncal.application.petstore.model.CountryTest.shouldCheckEqualsAndHashCode">shouldCheckEqualsAndHashCode</a>
<div class="detailToggle" style="display:inline"><a href="javascript:toggleDisplay('org.agoncal.application.petstore.model.CountryTest.shouldCheckEqualsAndHashCode');"><span style="display:inline;" id="org.agoncal.application.petstore.model.CountryTest.shouldCheckEqualsAndHashCode-off"> + </span><span style="display:none;" id="org.agoncal.application.petstore.model.CountryTest.shouldCheckEqualsAndHashCode-on"> - </span>[ Detail ]</a></div></td>
<td>0.003 s</td></tr>
<tr class="b">
<td align="left">-</td>
<td>EqualsVerifier found a problem in class org.agoncal.application.petstore.model.Country.
-&gt; Java 21 (65) is not supported by the current version of Byte Buddy which officially supports Java 20 (64) - update Byte Buddy or set net.bytebuddy.experimental as a VM property

For more information, go to: https://www.jqno.nl/equalsverifier/errormessages
(EqualsVerifier 3.12.3, JDK 21 on Mac OS X)</td>
<td>-</td></tr>
<tr class="a" id="org.agoncal.application.petstore.model.CountryTest.shouldCheckEqualsAndHashCode-failure" style="display:none;">
<td align="left">-</td>
<td>
<div class="source">
<pre>java.lang.AssertionError: 
EqualsVerifier found a problem in class org.agoncal.application.petstore.model.Country.
-&gt; Java 21 (65) is not supported by the current version of Byte Buddy which officially supports Java 20 (64) - update Byte Buddy or set net.bytebuddy.experimental as a VM property

For more information, go to: https://www.jqno.nl/equalsverifier/errormessages
(EqualsVerifier 3.12.3, JDK 21 on Mac OS X)
	at nl.jqno.equalsverifier.api.SingleTypeEqualsVerifierApi.verify(SingleTypeEqualsVerifierApi.java:316)
	at org.agoncal.application.petstore.model.CountryTest.shouldCheckEqualsAndHashCode(CountryTest.java:24)
	at java.base/jdk.internal.reflect.DirectMethodHandleAccessor.invoke(DirectMethodHandleAccessor.java:103)
	at java.base/java.lang.reflect.Method.invoke(Method.java:580)
	at org.junit.runners.model.FrameworkMethod$1.runReflectiveCall(FrameworkMethod.java:50)
	at org.junit.internal.runners.model.ReflectiveCallable.run(ReflectiveCallable.java:12)
	at org.junit.runners.model.FrameworkMethod.invokeExplosively(FrameworkMethod.java:47)
	at org.junit.internal.runners.statements.InvokeMethod.evaluate(InvokeMethod.java:17)
	at org.junit.runners.ParentRunner.runLeaf(ParentRunner.java:325)
	at org.junit.runners.BlockJUnit4ClassRunner.runChild(BlockJUnit4ClassRunner.java:78)
	at org.junit.runners.BlockJUnit4ClassRunner.runChild(BlockJUnit4ClassRunner.java:57)
	at org.junit.runners.ParentRunner$3.run(ParentRunner.java:290)
	at org.junit.runners.ParentRunner$1.schedule(ParentRunner.java:71)
	at org.junit.runners.ParentRunner.runChildren(ParentRunner.java:288)
	at org.junit.runners.ParentRunner.access$000(ParentRunner.java:58)
	at org.junit.runners.ParentRunner$2.evaluate(ParentRunner.java:268)
	at org.junit.runners.ParentRunner.run(ParentRunner.java:363)
	at org.junit.runner.JUnitCore.run(JUnitCore.java:137)
	at org.junit.runner.JUnitCore.run(JUnitCore.java:115)
	at org.junit.vintage.engine.execution.RunnerExecutor.execute(RunnerExecutor.java:39)
	at java.base/java.util.stream.ForEachOps$ForEachOp$OfRef.accept(ForEachOps.java:184)
	at java.base/java.util.stream.ReferencePipeline$3$1.accept(ReferencePipeline.java:197)
	at java.base/java.util.Iterator.forEachRemaining(Iterator.java:133)
	at java.base/java.util.Spliterators$IteratorSpliterator.forEachRemaining(Spliterators.java:1939)
	at java.base/java.util.stream.AbstractPipeline.copyInto(AbstractPipeline.java:509)
	at java.base/java.util.stream.AbstractPipeline.wrapAndCopyInto(AbstractPipeline.java:499)
	at java.base/java.util.stream.ForEachOps$ForEachOp.evaluateSequential(ForEachOps.java:151)
	at java.base/java.util.stream.ForEachOps$ForEachOp$OfRef.evaluateSequential(ForEachOps.java:174)
	at java.base/java.util.stream.AbstractPipeline.evaluate(AbstractPipeline.java:234)
	at java.base/java.util.stream.ReferencePipeline.forEach(ReferencePipeline.java:596)
	at org.junit.vintage.engine.VintageTestEngine.executeAllChildren(VintageTestEngine.java:79)
	at org.junit.vintage.engine.VintageTestEngine.execute(VintageTestEngine.java:70)
	at org.junit.platform.launcher.core.DefaultLauncher.execute(DefaultLauncher.java:170)
	at org.junit.platform.launcher.core.DefaultLauncher.execute(DefaultLauncher.java:154)
	at org.junit.platform.launcher.core.DefaultLauncher.execute(DefaultLauncher.java:90)
	at org.apache.maven.surefire.junitplatform.LazyLauncher.execute(LazyLauncher.java:56)
	at org.apache.maven.surefire.junitplatform.JUnitPlatformProvider.execute(JUnitPlatformProvider.java:184)
	at org.apache.maven.surefire.junitplatform.JUnitPlatformProvider.invokeAllTests(JUnitPlatformProvider.java:148)
	at org.apache.maven.surefire.junitplatform.JUnitPlatformProvider.invoke(JUnitPlatformProvider.java:122)
	at org.apache.maven.surefire.booter.ForkedBooter.runSuitesInProcess(ForkedBooter.java:385)
	at org.apache.maven.surefire.booter.ForkedBooter.execute(ForkedBooter.java:162)
	at org.apache.maven.surefire.booter.ForkedBooter.run(ForkedBooter.java:507)
	at org.apache.maven.surefire.booter.ForkedBooter.main(ForkedBooter.java:495)
Caused by: java.lang.IllegalArgumentException: Java 21 (65) is not supported by the current version of Byte Buddy which officially supports Java 20 (64) - update Byte Buddy or set net.bytebuddy.experimental as a VM property
	at net.bytebuddy.utility.OpenedClassReader.of(OpenedClassReader.java:96)
	at net.bytebuddy.pool.TypePool$Default.parse(TypePool.java:855)
	at net.bytebuddy.pool.TypePool$Default.doDescribe(TypePool.java:841)
	at net.bytebuddy.pool.TypePool$AbstractBase.describe(TypePool.java:574)
	at net.bytebuddy.pool.TypePool$AbstractBase$Hierarchical.describe(TypePool.java:657)
	at net.bytebuddy.pool.TypePool$Default$LazyTypeDescription$TokenizedGenericType.toErasure(TypePool.java:6875)
	at net.bytebuddy.pool.TypePool$Default$LazyTypeDescription$GenericTypeToken$Resolution$Raw$RawAnnotatedType.of(TypePool.java:3757)
	at net.bytebuddy.pool.TypePool$Default$LazyTypeDescription$GenericTypeToken$Resolution$Raw.resolveReturnType(TypePool.java:3665)
	at net.bytebuddy.pool.TypePool$Default$LazyTypeDescription$LazyMethodDescription.getReturnType(TypePool.java:7437)
	at net.bytebuddy.description.method.MethodDescription$AbstractBase.equals(MethodDescription.java:949)
	at net.bytebuddy.matcher.EqualityMatcher.matches(EqualityMatcher.java:47)
	at net.bytebuddy.matcher.DefinedShapeMatcher.doMatch(DefinedShapeMatcher.java:49)
	at net.bytebuddy.matcher.DefinedShapeMatcher.doMatch(DefinedShapeMatcher.java:27)
	at net.bytebuddy.matcher.ElementMatcher$Junction$ForNonNullValues.matches(ElementMatcher.java:249)
	at net.bytebuddy.matcher.FilterableList$AbstractBase.filter(FilterableList.java:125)
	at net.bytebuddy.pool.TypePool$Default$LazyTypeDescription$LazyAnnotationDescription.getValue(TypePool.java:6193)
	at nl.jqno.equalsverifier.internal.reflection.annotations.AnnotationCacheBuilder.buildAnnotationProperties(AnnotationCacheBuilder.java:181)
	at nl.jqno.equalsverifier.internal.reflection.annotations.AnnotationCacheBuilder.cacheSupportedAnnotations(AnnotationCacheBuilder.java:157)
	at nl.jqno.equalsverifier.internal.reflection.annotations.AnnotationCacheBuilder.lambda$visitClass$2(AnnotationCacheBuilder.java:103)
	at java.base/java.lang.Iterable.forEach(Iterable.java:75)
	at nl.jqno.equalsverifier.internal.reflection.annotations.AnnotationCacheBuilder.visitClass(AnnotationCacheBuilder.java:103)
	at nl.jqno.equalsverifier.internal.reflection.annotations.AnnotationCacheBuilder.visitType(AnnotationCacheBuilder.java:57)
	at nl.jqno.equalsverifier.internal.reflection.annotations.AnnotationCacheBuilder.build(AnnotationCacheBuilder.java:42)
	at nl.jqno.equalsverifier.internal.util.Configuration.buildAnnotationCache(Configuration.java:130)
	at nl.jqno.equalsverifier.internal.util.Configuration.build(Configuration.java:90)
	at nl.jqno.equalsverifier.api.SingleTypeEqualsVerifierApi.buildConfig(SingleTypeEqualsVerifierApi.java:389)
	at nl.jqno.equalsverifier.api.SingleTypeEqualsVerifierApi.performVerification(SingleTypeEqualsVerifierApi.java:375)
	at nl.jqno.equalsverifier.api.SingleTypeEqualsVerifierApi.verify(SingleTypeEqualsVerifierApi.java:312)
	... 42 more
</pre></div></td>
<td>-</td></tr></table></section><section><a id="org.agoncal.application.petstore.model.ProductTest"></a>
<h3><a name="ProductTest"></a>ProductTest</h3>
<table border="0" class="bodyTable">
<tr class="a">
<td align="left"><a href="#org.agoncal.application.petstore.model.ProductTest.shouldCheckEqualsAndHashCode"><img src="images/icon_error_sml.gif" alt="" /></a></td>
<td><a id="TC_org.agoncal.application.petstore.model.ProductTest.shouldCheckEqualsAndHashCode"></a><a href="#org.agoncal.application.petstore.model.ProductTest.shouldCheckEqualsAndHashCode">shouldCheckEqualsAndHashCode</a>
<div class="detailToggle" style="display:inline"><a href="javascript:toggleDisplay('org.agoncal.application.petstore.model.ProductTest.shouldCheckEqualsAndHashCode');"><span style="display:inline;" id="org.agoncal.application.petstore.model.ProductTest.shouldCheckEqualsAndHashCode-off"> + </span><span style="display:none;" id="org.agoncal.application.petstore.model.ProductTest.shouldCheckEqualsAndHashCode-on"> - </span>[ Detail ]</a></div></td>
<td>0.004 s</td></tr>
<tr class="b">
<td align="left">-</td>
<td>EqualsVerifier found a problem in class org.agoncal.application.petstore.model.Product.
-&gt; Java 21 (65) is not supported by the current version of Byte Buddy which officially supports Java 20 (64) - update Byte Buddy or set net.bytebuddy.experimental as a VM property

For more information, go to: https://www.jqno.nl/equalsverifier/errormessages
(EqualsVerifier 3.12.3, JDK 21 on Mac OS X)</td>
<td>-</td></tr>
<tr class="a" id="org.agoncal.application.petstore.model.ProductTest.shouldCheckEqualsAndHashCode-failure" style="display:none;">
<td align="left">-</td>
<td>
<div class="source">
<pre>java.lang.AssertionError: 
EqualsVerifier found a problem in class org.agoncal.application.petstore.model.Product.
-&gt; Java 21 (65) is not supported by the current version of Byte Buddy which officially supports Java 20 (64) - update Byte Buddy or set net.bytebuddy.experimental as a VM property

For more information, go to: https://www.jqno.nl/equalsverifier/errormessages
(EqualsVerifier 3.12.3, JDK 21 on Mac OS X)
	at nl.jqno.equalsverifier.api.SingleTypeEqualsVerifierApi.verify(SingleTypeEqualsVerifierApi.java:316)
	at org.agoncal.application.petstore.model.ProductTest.shouldCheckEqualsAndHashCode(ProductTest.java:24)
	at java.base/jdk.internal.reflect.DirectMethodHandleAccessor.invoke(DirectMethodHandleAccessor.java:103)
	at java.base/java.lang.reflect.Method.invoke(Method.java:580)
	at org.junit.runners.model.FrameworkMethod$1.runReflectiveCall(FrameworkMethod.java:50)
	at org.junit.internal.runners.model.ReflectiveCallable.run(ReflectiveCallable.java:12)
	at org.junit.runners.model.FrameworkMethod.invokeExplosively(FrameworkMethod.java:47)
	at org.junit.internal.runners.statements.InvokeMethod.evaluate(InvokeMethod.java:17)
	at org.junit.runners.ParentRunner.runLeaf(ParentRunner.java:325)
	at org.junit.runners.BlockJUnit4ClassRunner.runChild(BlockJUnit4ClassRunner.java:78)
	at org.junit.runners.BlockJUnit4ClassRunner.runChild(BlockJUnit4ClassRunner.java:57)
	at org.junit.runners.ParentRunner$3.run(ParentRunner.java:290)
	at org.junit.runners.ParentRunner$1.schedule(ParentRunner.java:71)
	at org.junit.runners.ParentRunner.runChildren(ParentRunner.java:288)
	at org.junit.runners.ParentRunner.access$000(ParentRunner.java:58)
	at org.junit.runners.ParentRunner$2.evaluate(ParentRunner.java:268)
	at org.junit.runners.ParentRunner.run(ParentRunner.java:363)
	at org.junit.runner.JUnitCore.run(JUnitCore.java:137)
	at org.junit.runner.JUnitCore.run(JUnitCore.java:115)
	at org.junit.vintage.engine.execution.RunnerExecutor.execute(RunnerExecutor.java:39)
	at java.base/java.util.stream.ForEachOps$ForEachOp$OfRef.accept(ForEachOps.java:184)
	at java.base/java.util.stream.ReferencePipeline$3$1.accept(ReferencePipeline.java:197)
	at java.base/java.util.Iterator.forEachRemaining(Iterator.java:133)
	at java.base/java.util.Spliterators$IteratorSpliterator.forEachRemaining(Spliterators.java:1939)
	at java.base/java.util.stream.AbstractPipeline.copyInto(AbstractPipeline.java:509)
	at java.base/java.util.stream.AbstractPipeline.wrapAndCopyInto(AbstractPipeline.java:499)
	at java.base/java.util.stream.ForEachOps$ForEachOp.evaluateSequential(ForEachOps.java:151)
	at java.base/java.util.stream.ForEachOps$ForEachOp$OfRef.evaluateSequential(ForEachOps.java:174)
	at java.base/java.util.stream.AbstractPipeline.evaluate(AbstractPipeline.java:234)
	at java.base/java.util.stream.ReferencePipeline.forEach(ReferencePipeline.java:596)
	at org.junit.vintage.engine.VintageTestEngine.executeAllChildren(VintageTestEngine.java:79)
	at org.junit.vintage.engine.VintageTestEngine.execute(VintageTestEngine.java:70)
	at org.junit.platform.launcher.core.DefaultLauncher.execute(DefaultLauncher.java:170)
	at org.junit.platform.launcher.core.DefaultLauncher.execute(DefaultLauncher.java:154)
	at org.junit.platform.launcher.core.DefaultLauncher.execute(DefaultLauncher.java:90)
	at org.apache.maven.surefire.junitplatform.LazyLauncher.execute(LazyLauncher.java:56)
	at org.apache.maven.surefire.junitplatform.JUnitPlatformProvider.execute(JUnitPlatformProvider.java:184)
	at org.apache.maven.surefire.junitplatform.JUnitPlatformProvider.invokeAllTests(JUnitPlatformProvider.java:148)
	at org.apache.maven.surefire.junitplatform.JUnitPlatformProvider.invoke(JUnitPlatformProvider.java:122)
	at org.apache.maven.surefire.booter.ForkedBooter.runSuitesInProcess(ForkedBooter.java:385)
	at org.apache.maven.surefire.booter.ForkedBooter.execute(ForkedBooter.java:162)
	at org.apache.maven.surefire.booter.ForkedBooter.run(ForkedBooter.java:507)
	at org.apache.maven.surefire.booter.ForkedBooter.main(ForkedBooter.java:495)
Caused by: java.lang.IllegalArgumentException: Java 21 (65) is not supported by the current version of Byte Buddy which officially supports Java 20 (64) - update Byte Buddy or set net.bytebuddy.experimental as a VM property
	at net.bytebuddy.utility.OpenedClassReader.of(OpenedClassReader.java:96)
	at net.bytebuddy.pool.TypePool$Default.parse(TypePool.java:855)
	at net.bytebuddy.pool.TypePool$Default.doDescribe(TypePool.java:841)
	at net.bytebuddy.pool.TypePool$AbstractBase.describe(TypePool.java:574)
	at net.bytebuddy.pool.TypePool$AbstractBase$Hierarchical.describe(TypePool.java:657)
	at net.bytebuddy.pool.TypePool$Default$LazyTypeDescription$TokenizedGenericType.toErasure(TypePool.java:6875)
	at net.bytebuddy.pool.TypePool$Default$LazyTypeDescription$GenericTypeToken$Resolution$Raw$RawAnnotatedType.of(TypePool.java:3757)
	at net.bytebuddy.pool.TypePool$Default$LazyTypeDescription$GenericTypeToken$Resolution$Raw.resolveReturnType(TypePool.java:3665)
	at net.bytebuddy.pool.TypePool$Default$LazyTypeDescription$LazyMethodDescription.getReturnType(TypePool.java:7437)
	at net.bytebuddy.description.method.MethodDescription$AbstractBase.equals(MethodDescription.java:949)
	at net.bytebuddy.matcher.EqualityMatcher.matches(EqualityMatcher.java:47)
	at net.bytebuddy.matcher.DefinedShapeMatcher.doMatch(DefinedShapeMatcher.java:49)
	at net.bytebuddy.matcher.DefinedShapeMatcher.doMatch(DefinedShapeMatcher.java:27)
	at net.bytebuddy.matcher.ElementMatcher$Junction$ForNonNullValues.matches(ElementMatcher.java:249)
	at net.bytebuddy.matcher.FilterableList$AbstractBase.filter(FilterableList.java:125)
	at net.bytebuddy.pool.TypePool$Default$LazyTypeDescription$LazyAnnotationDescription.getValue(TypePool.java:6193)
	at nl.jqno.equalsverifier.internal.reflection.annotations.AnnotationCacheBuilder.buildAnnotationProperties(AnnotationCacheBuilder.java:181)
	at nl.jqno.equalsverifier.internal.reflection.annotations.AnnotationCacheBuilder.cacheSupportedAnnotations(AnnotationCacheBuilder.java:157)
	at nl.jqno.equalsverifier.internal.reflection.annotations.AnnotationCacheBuilder.lambda$visitClass$2(AnnotationCacheBuilder.java:103)
	at java.base/java.lang.Iterable.forEach(Iterable.java:75)
	at nl.jqno.equalsverifier.internal.reflection.annotations.AnnotationCacheBuilder.visitClass(AnnotationCacheBuilder.java:103)
	at nl.jqno.equalsverifier.internal.reflection.annotations.AnnotationCacheBuilder.visitType(AnnotationCacheBuilder.java:57)
	at nl.jqno.equalsverifier.internal.reflection.annotations.AnnotationCacheBuilder.build(AnnotationCacheBuilder.java:42)
	at nl.jqno.equalsverifier.internal.util.Configuration.buildAnnotationCache(Configuration.java:130)
	at nl.jqno.equalsverifier.internal.util.Configuration.build(Configuration.java:90)
	at nl.jqno.equalsverifier.api.SingleTypeEqualsVerifierApi.buildConfig(SingleTypeEqualsVerifierApi.java:389)
	at nl.jqno.equalsverifier.api.SingleTypeEqualsVerifierApi.performVerification(SingleTypeEqualsVerifierApi.java:375)
	at nl.jqno.equalsverifier.api.SingleTypeEqualsVerifierApi.verify(SingleTypeEqualsVerifierApi.java:312)
	... 42 more
</pre></div></td>
<td>-</td></tr></table></section><section><a id="org.agoncal.application.petstore.model.CreditCardTest"></a>
<h3><a name="CreditCardTest"></a>CreditCardTest</h3>
<table border="0" class="bodyTable">
<tr class="a">
<td align="left"><a href="#org.agoncal.application.petstore.model.CreditCardTest.shouldCheckEqualsAndHashCode"><img src="images/icon_error_sml.gif" alt="" /></a></td>
<td><a id="TC_org.agoncal.application.petstore.model.CreditCardTest.shouldCheckEqualsAndHashCode"></a><a href="#org.agoncal.application.petstore.model.CreditCardTest.shouldCheckEqualsAndHashCode">shouldCheckEqualsAndHashCode</a>
<div class="detailToggle" style="display:inline"><a href="javascript:toggleDisplay('org.agoncal.application.petstore.model.CreditCardTest.shouldCheckEqualsAndHashCode');"><span style="display:inline;" id="org.agoncal.application.petstore.model.CreditCardTest.shouldCheckEqualsAndHashCode-off"> + </span><span style="display:none;" id="org.agoncal.application.petstore.model.CreditCardTest.shouldCheckEqualsAndHashCode-on"> - </span>[ Detail ]</a></div></td>
<td>0.005 s</td></tr>
<tr class="b">
<td align="left">-</td>
<td>EqualsVerifier found a problem in class org.agoncal.application.petstore.model.CreditCard.
-&gt; Java 21 (65) is not supported by the current version of Byte Buddy which officially supports Java 20 (64) - update Byte Buddy or set net.bytebuddy.experimental as a VM property

For more information, go to: https://www.jqno.nl/equalsverifier/errormessages
(EqualsVerifier 3.12.3, JDK 21 on Mac OS X)</td>
<td>-</td></tr>
<tr class="a" id="org.agoncal.application.petstore.model.CreditCardTest.shouldCheckEqualsAndHashCode-failure" style="display:none;">
<td align="left">-</td>
<td>
<div class="source">
<pre>java.lang.AssertionError: 
EqualsVerifier found a problem in class org.agoncal.application.petstore.model.CreditCard.
-&gt; Java 21 (65) is not supported by the current version of Byte Buddy which officially supports Java 20 (64) - update Byte Buddy or set net.bytebuddy.experimental as a VM property

For more information, go to: https://www.jqno.nl/equalsverifier/errormessages
(EqualsVerifier 3.12.3, JDK 21 on Mac OS X)
	at nl.jqno.equalsverifier.api.SingleTypeEqualsVerifierApi.verify(SingleTypeEqualsVerifierApi.java:316)
	at org.agoncal.application.petstore.model.CreditCardTest.shouldCheckEqualsAndHashCode(CreditCardTest.java:20)
	at java.base/jdk.internal.reflect.DirectMethodHandleAccessor.invoke(DirectMethodHandleAccessor.java:103)
	at java.base/java.lang.reflect.Method.invoke(Method.java:580)
	at org.junit.runners.model.FrameworkMethod$1.runReflectiveCall(FrameworkMethod.java:50)
	at org.junit.internal.runners.model.ReflectiveCallable.run(ReflectiveCallable.java:12)
	at org.junit.runners.model.FrameworkMethod.invokeExplosively(FrameworkMethod.java:47)
	at org.junit.internal.runners.statements.InvokeMethod.evaluate(InvokeMethod.java:17)
	at org.junit.runners.ParentRunner.runLeaf(ParentRunner.java:325)
	at org.junit.runners.BlockJUnit4ClassRunner.runChild(BlockJUnit4ClassRunner.java:78)
	at org.junit.runners.BlockJUnit4ClassRunner.runChild(BlockJUnit4ClassRunner.java:57)
	at org.junit.runners.ParentRunner$3.run(ParentRunner.java:290)
	at org.junit.runners.ParentRunner$1.schedule(ParentRunner.java:71)
	at org.junit.runners.ParentRunner.runChildren(ParentRunner.java:288)
	at org.junit.runners.ParentRunner.access$000(ParentRunner.java:58)
	at org.junit.runners.ParentRunner$2.evaluate(ParentRunner.java:268)
	at org.junit.runners.ParentRunner.run(ParentRunner.java:363)
	at org.junit.runner.JUnitCore.run(JUnitCore.java:137)
	at org.junit.runner.JUnitCore.run(JUnitCore.java:115)
	at org.junit.vintage.engine.execution.RunnerExecutor.execute(RunnerExecutor.java:39)
	at java.base/java.util.stream.ForEachOps$ForEachOp$OfRef.accept(ForEachOps.java:184)
	at java.base/java.util.stream.ReferencePipeline$3$1.accept(ReferencePipeline.java:197)
	at java.base/java.util.Iterator.forEachRemaining(Iterator.java:133)
	at java.base/java.util.Spliterators$IteratorSpliterator.forEachRemaining(Spliterators.java:1939)
	at java.base/java.util.stream.AbstractPipeline.copyInto(AbstractPipeline.java:509)
	at java.base/java.util.stream.AbstractPipeline.wrapAndCopyInto(AbstractPipeline.java:499)
	at java.base/java.util.stream.ForEachOps$ForEachOp.evaluateSequential(ForEachOps.java:151)
	at java.base/java.util.stream.ForEachOps$ForEachOp$OfRef.evaluateSequential(ForEachOps.java:174)
	at java.base/java.util.stream.AbstractPipeline.evaluate(AbstractPipeline.java:234)
	at java.base/java.util.stream.ReferencePipeline.forEach(ReferencePipeline.java:596)
	at org.junit.vintage.engine.VintageTestEngine.executeAllChildren(VintageTestEngine.java:79)
	at org.junit.vintage.engine.VintageTestEngine.execute(VintageTestEngine.java:70)
	at org.junit.platform.launcher.core.DefaultLauncher.execute(DefaultLauncher.java:170)
	at org.junit.platform.launcher.core.DefaultLauncher.execute(DefaultLauncher.java:154)
	at org.junit.platform.launcher.core.DefaultLauncher.execute(DefaultLauncher.java:90)
	at org.apache.maven.surefire.junitplatform.LazyLauncher.execute(LazyLauncher.java:56)
	at org.apache.maven.surefire.junitplatform.JUnitPlatformProvider.execute(JUnitPlatformProvider.java:184)
	at org.apache.maven.surefire.junitplatform.JUnitPlatformProvider.invokeAllTests(JUnitPlatformProvider.java:148)
	at org.apache.maven.surefire.junitplatform.JUnitPlatformProvider.invoke(JUnitPlatformProvider.java:122)
	at org.apache.maven.surefire.booter.ForkedBooter.runSuitesInProcess(ForkedBooter.java:385)
	at org.apache.maven.surefire.booter.ForkedBooter.execute(ForkedBooter.java:162)
	at org.apache.maven.surefire.booter.ForkedBooter.run(ForkedBooter.java:507)
	at org.apache.maven.surefire.booter.ForkedBooter.main(ForkedBooter.java:495)
Caused by: java.lang.IllegalArgumentException: Java 21 (65) is not supported by the current version of Byte Buddy which officially supports Java 20 (64) - update Byte Buddy or set net.bytebuddy.experimental as a VM property
	at net.bytebuddy.utility.OpenedClassReader.of(OpenedClassReader.java:96)
	at net.bytebuddy.pool.TypePool$Default.parse(TypePool.java:855)
	at net.bytebuddy.pool.TypePool$Default.doDescribe(TypePool.java:841)
	at net.bytebuddy.pool.TypePool$AbstractBase.describe(TypePool.java:574)
	at net.bytebuddy.pool.TypePool$AbstractBase$Hierarchical.describe(TypePool.java:657)
	at net.bytebuddy.pool.TypePool$Default$LazyTypeDescription$AnnotationToken.toAnnotationDescription(TypePool.java:5602)
	at net.bytebuddy.pool.TypePool$Default$LazyTypeDescription$AnnotationToken.access$2000(TypePool.java:5563)
	at net.bytebuddy.pool.TypePool$Default$LazyTypeDescription$LazyAnnotationDescription.asList(TypePool.java:6174)
	at net.bytebuddy.pool.TypePool$Default$LazyTypeDescription.getDeclaredAnnotations(TypePool.java:2899)
	at nl.jqno.equalsverifier.internal.reflection.annotations.AnnotationCacheBuilder.visitClass(AnnotationCacheBuilder.java:102)
	at nl.jqno.equalsverifier.internal.reflection.annotations.AnnotationCacheBuilder.visitType(AnnotationCacheBuilder.java:57)
	at nl.jqno.equalsverifier.internal.reflection.annotations.AnnotationCacheBuilder.build(AnnotationCacheBuilder.java:42)
	at nl.jqno.equalsverifier.internal.reflection.annotations.SupportedAnnotations$2.validate(SupportedAnnotations.java:87)
	at nl.jqno.equalsverifier.internal.reflection.annotations.AnnotationCacheBuilder.lambda$cacheSupportedAnnotations$11(AnnotationCacheBuilder.java:162)
	at java.base/java.util.stream.ReferencePipeline$2$1.accept(ReferencePipeline.java:178)
	at java.base/java.util.stream.ReferencePipeline$2$1.accept(ReferencePipeline.java:179)
	at java.base/java.util.stream.ReferencePipeline$2$1.accept(ReferencePipeline.java:179)
	at java.base/java.util.Spliterators$ArraySpliterator.forEachRemaining(Spliterators.java:1024)
	at java.base/java.util.stream.AbstractPipeline.copyInto(AbstractPipeline.java:509)
	at java.base/java.util.stream.AbstractPipeline.wrapAndCopyInto(AbstractPipeline.java:499)
	at java.base/java.util.stream.ForEachOps$ForEachOp.evaluateSequential(ForEachOps.java:151)
	at java.base/java.util.stream.ForEachOps$ForEachOp$OfRef.evaluateSequential(ForEachOps.java:174)
	at java.base/java.util.stream.AbstractPipeline.evaluate(AbstractPipeline.java:234)
	at java.base/java.util.stream.ReferencePipeline.forEach(ReferencePipeline.java:596)
	at nl.jqno.equalsverifier.internal.reflection.annotations.AnnotationCacheBuilder.cacheSupportedAnnotations(AnnotationCacheBuilder.java:163)
	at nl.jqno.equalsverifier.internal.reflection.annotations.AnnotationCacheBuilder.lambda$visitClass$2(AnnotationCacheBuilder.java:103)
	at java.base/java.lang.Iterable.forEach(Iterable.java:75)
	at nl.jqno.equalsverifier.internal.reflection.annotations.AnnotationCacheBuilder.visitClass(AnnotationCacheBuilder.java:103)
	at nl.jqno.equalsverifier.internal.reflection.annotations.AnnotationCacheBuilder.visitType(AnnotationCacheBuilder.java:57)
	at nl.jqno.equalsverifier.internal.reflection.annotations.AnnotationCacheBuilder.build(AnnotationCacheBuilder.java:42)
	at nl.jqno.equalsverifier.internal.util.Configuration.buildAnnotationCache(Configuration.java:130)
	at nl.jqno.equalsverifier.internal.util.Configuration.build(Configuration.java:90)
	at nl.jqno.equalsverifier.api.SingleTypeEqualsVerifierApi.buildConfig(SingleTypeEqualsVerifierApi.java:389)
	at nl.jqno.equalsverifier.api.SingleTypeEqualsVerifierApi.performVerification(SingleTypeEqualsVerifierApi.java:375)
	at nl.jqno.equalsverifier.api.SingleTypeEqualsVerifierApi.verify(SingleTypeEqualsVerifierApi.java:312)
	... 42 more
</pre></div></td>
<td>-</td></tr></table></section><br /></section><section><a id="Failure_Details"></a>
<h2><a name="Failure_Details"></a>Failure Details</h2>
<p>[<a href="#Summary">Summary</a>] [<a href="#Package_List">Package List</a>] [<a href="#Test_Cases">Test Cases</a>]</p><br />
<table border="0" class="bodyTable">
<tr class="a">
<td align="left"><img src="images/icon_error_sml.gif" alt="" /></td>
<td><a id="org.agoncal.application.petstore.model.CategoryTest.shouldCheckEqualsAndHashCode"></a>shouldCheckEqualsAndHashCode</td></tr>
<tr class="b">
<td align="left">-</td>
<td>java.lang.AssertionError: EqualsVerifier found a problem in class org.agoncal.application.petstore.model.Category.
-&gt; Java 21 (65) is not supported by the current version of Byte Buddy which officially supports Java 20 (64) - update Byte Buddy or set net.bytebuddy.experimental as a VM property

For more information, go to: https://www.jqno.nl/equalsverifier/errormessages
(EqualsVerifier 3.12.3, JDK 21 on Mac OS X)</td></tr>
<tr class="a">
<td align="left">-</td>
<td>
<div id="shouldCheckEqualsAndHashCode-failure">org.agoncal.application.petstore.model.CategoryTest:24</div></td></tr>
<tr class="b">
<td align="left"><img src="images/icon_error_sml.gif" alt="" /></td>
<td><a id="org.agoncal.application.petstore.model.OrderLineTest.shouldCheckEqualsAndHashCode"></a>shouldCheckEqualsAndHashCode</td></tr>
<tr class="a">
<td align="left">-</td>
<td>java.lang.AssertionError: EqualsVerifier found a problem in class org.agoncal.application.petstore.model.OrderLine.
-&gt; Java 21 (65) is not supported by the current version of Byte Buddy which officially supports Java 20 (64) - update Byte Buddy or set net.bytebuddy.experimental as a VM property

For more information, go to: https://www.jqno.nl/equalsverifier/errormessages
(EqualsVerifier 3.12.3, JDK 21 on Mac OS X)</td></tr>
<tr class="b">
<td align="left">-</td>
<td>
<div id="shouldCheckEqualsAndHashCode-failure">org.agoncal.application.petstore.model.OrderLineTest:25</div></td></tr>
<tr class="a">
<td align="left"><img src="images/icon_error_sml.gif" alt="" /></td>
<td><a id="org.agoncal.application.petstore.model.ItemTest.shouldCheckEqualsAndHashCode"></a>shouldCheckEqualsAndHashCode</td></tr>
<tr class="b">
<td align="left">-</td>
<td>java.lang.AssertionError: EqualsVerifier found a problem in class org.agoncal.application.petstore.model.Item.
-&gt; Java 21 (65) is not supported by the current version of Byte Buddy which officially supports Java 20 (64) - update Byte Buddy or set net.bytebuddy.experimental as a VM property

For more information, go to: https://www.jqno.nl/equalsverifier/errormessages
(EqualsVerifier 3.12.3, JDK 21 on Mac OS X)</td></tr>
<tr class="a">
<td align="left">-</td>
<td>
<div id="shouldCheckEqualsAndHashCode-failure">org.agoncal.application.petstore.model.ItemTest:24</div></td></tr>
<tr class="b">
<td align="left"><img src="images/icon_error_sml.gif" alt="" /></td>
<td><a id="org.agoncal.application.petstore.model.AddressTest.shouldCheckEqualsAndHashCode"></a>shouldCheckEqualsAndHashCode</td></tr>
<tr class="a">
<td align="left">-</td>
<td>java.lang.AssertionError: EqualsVerifier found a problem in class org.agoncal.application.petstore.model.Address.
-&gt; Java 21 (65) is not supported by the current version of Byte Buddy which officially supports Java 20 (64) - update Byte Buddy or set net.bytebuddy.experimental as a VM property

For more information, go to: https://www.jqno.nl/equalsverifier/errormessages
(EqualsVerifier 3.12.3, JDK 21 on Mac OS X)</td></tr>
<tr class="b">
<td align="left">-</td>
<td>
<div id="shouldCheckEqualsAndHashCode-failure">org.agoncal.application.petstore.model.AddressTest:24</div></td></tr>
<tr class="a">
<td align="left"><img src="images/icon_error_sml.gif" alt="" /></td>
<td><a id="org.agoncal.application.petstore.model.CustomerTest.shouldCheckEqualsAndHashCode"></a>shouldCheckEqualsAndHashCode</td></tr>
<tr class="b">
<td align="left">-</td>
<td>java.lang.AssertionError: EqualsVerifier found a problem in class org.agoncal.application.petstore.model.Customer.
-&gt; Java 21 (65) is not supported by the current version of Byte Buddy which officially supports Java 20 (64) - update Byte Buddy or set net.bytebuddy.experimental as a VM property

For more information, go to: https://www.jqno.nl/equalsverifier/errormessages
(EqualsVerifier 3.12.3, JDK 21 on Mac OS X)</td></tr>
<tr class="a">
<td align="left">-</td>
<td>
<div id="shouldCheckEqualsAndHashCode-failure">org.agoncal.application.petstore.model.CustomerTest:26</div></td></tr>
<tr class="b">
<td align="left"><img src="images/icon_error_sml.gif" alt="" /></td>
<td><a id="org.agoncal.application.petstore.model.PurchaseOrderTest.shouldCheckEqualsAndHashCode"></a>shouldCheckEqualsAndHashCode</td></tr>
<tr class="a">
<td align="left">-</td>
<td>java.lang.AssertionError: EqualsVerifier found a problem in class org.agoncal.application.petstore.model.PurchaseOrder.
-&gt; Java 21 (65) is not supported by the current version of Byte Buddy which officially supports Java 20 (64) - update Byte Buddy or set net.bytebuddy.experimental as a VM property

For more information, go to: https://www.jqno.nl/equalsverifier/errormessages
(EqualsVerifier 3.12.3, JDK 21 on Mac OS X)</td></tr>
<tr class="b">
<td align="left">-</td>
<td>
<div id="shouldCheckEqualsAndHashCode-failure">org.agoncal.application.petstore.model.PurchaseOrderTest:26</div></td></tr>
<tr class="a">
<td align="left"><img src="images/icon_error_sml.gif" alt="" /></td>
<td><a id="org.agoncal.application.petstore.model.CountryTest.shouldCheckEqualsAndHashCode"></a>shouldCheckEqualsAndHashCode</td></tr>
<tr class="b">
<td align="left">-</td>
<td>java.lang.AssertionError: EqualsVerifier found a problem in class org.agoncal.application.petstore.model.Country.
-&gt; Java 21 (65) is not supported by the current version of Byte Buddy which officially supports Java 20 (64) - update Byte Buddy or set net.bytebuddy.experimental as a VM property

For more information, go to: https://www.jqno.nl/equalsverifier/errormessages
(EqualsVerifier 3.12.3, JDK 21 on Mac OS X)</td></tr>
<tr class="a">
<td align="left">-</td>
<td>
<div id="shouldCheckEqualsAndHashCode-failure">org.agoncal.application.petstore.model.CountryTest:24</div></td></tr>
<tr class="b">
<td align="left"><img src="images/icon_error_sml.gif" alt="" /></td>
<td><a id="org.agoncal.application.petstore.model.ProductTest.shouldCheckEqualsAndHashCode"></a>shouldCheckEqualsAndHashCode</td></tr>
<tr class="a">
<td align="left">-</td>
<td>java.lang.AssertionError: EqualsVerifier found a problem in class org.agoncal.application.petstore.model.Product.
-&gt; Java 21 (65) is not supported by the current version of Byte Buddy which officially supports Java 20 (64) - update Byte Buddy or set net.bytebuddy.experimental as a VM property

For more information, go to: https://www.jqno.nl/equalsverifier/errormessages
(EqualsVerifier 3.12.3, JDK 21 on Mac OS X)</td></tr>
<tr class="b">
<td align="left">-</td>
<td>
<div id="shouldCheckEqualsAndHashCode-failure">org.agoncal.application.petstore.model.ProductTest:24</div></td></tr>
<tr class="a">
<td align="left"><img src="images/icon_error_sml.gif" alt="" /></td>
<td><a id="org.agoncal.application.petstore.model.CreditCardTest.shouldCheckEqualsAndHashCode"></a>shouldCheckEqualsAndHashCode</td></tr>
<tr class="b">
<td align="left">-</td>
<td>java.lang.AssertionError: EqualsVerifier found a problem in class org.agoncal.application.petstore.model.CreditCard.
-&gt; Java 21 (65) is not supported by the current version of Byte Buddy which officially supports Java 20 (64) - update Byte Buddy or set net.bytebuddy.experimental as a VM property

For more information, go to: https://www.jqno.nl/equalsverifier/errormessages
(EqualsVerifier 3.12.3, JDK 21 on Mac OS X)</td></tr>
<tr class="a">
<td align="left">-</td>
<td>
<div id="shouldCheckEqualsAndHashCode-failure">org.agoncal.application.petstore.model.CreditCardTest:20</div></td></tr></table><br /></section>
      </div>
    </div>
    <div class="clear">
      <hr/>
    </div>
    <div id="footer">
      <div class="xright">
        Copyright &#169;      2025..      </div>
      <div class="clear">
        <hr/>
      </div>
    </div>
  </body>
</html>
